
 ============
 Round: 1831
Total Model RMSE: 0.6647959420311166
Total Baseline RMSE: 0.8460736525142108
Total Model MAE: 0.5880210468301501
Total Baseline MAE: 0.7156741558710733
Model MAPE: 0.02176081530613325
Baseline MAPE: 0.026285819765420267
 ============
 Round: 1832
Total Model RMSE: 0.6320551847606944
Total Baseline RMSE: 0.8368815782628222
Total Model MAE: 0.5548911504708594
Total Baseline MAE: 0.705773486614227
Model MAPE: 0.020468011621169697
Baseline MAPE: 0.02588794733262661
 ============
 Round: 1833
Total Model RMSE: 0.6232291035080166
Total Baseline RMSE: 0.8218368286503769
Total Model MAE: 0.5447519623081089
Total Baseline MAE: 0.6899502632353038
Model MAPE: 0.020053896105584803
Baseline MAPE: 0.02527496243257947
 ============
 Round: 1834
Total Model RMSE: 0.6199359294499674
Total Baseline RMSE: 0.8037606599920594
Total Model MAE: 0.5419086371552745
Total Baseline MAE: 0.6697133173942564
Model MAPE: 0.019911847221076053
Baseline MAPE: 0.024514922361875215

Total Model RMSE: 0.6199359294499674
Total Baseline RMSE: 0.8037606599920594
Total Model MAE: 0.5419086371552745
Total Baseline MAE: 0.6697133173942564
Model MAPE: 0.019911847221076053
Baseline MAPE: 0.024514922361875215
