
 ============
 Round: 1801
Total Model RMSE: 0.9902918276955286
Total Baseline RMSE: 0.7101374140105892
Total Model MAE: 0.8305961404679955
Total Baseline MAE: 0.6105291604995727
Model MAPE: 0.03046385657267828
Baseline MAPE: 0.022511916311364604
 ============
 Round: 1802
Total Model RMSE: 0.9974026819039762
Total Baseline RMSE: 0.7127554116038041
Total Model MAE: 0.8478920859955132
Total Baseline MAE: 0.6068300778071086
Model MAPE: 0.031102445456207065
Baseline MAPE: 0.022307004330307297
 ============
 Round: 1803
Total Model RMSE: 0.9912474254947604
Total Baseline RMSE: 0.7186609263032148
Total Model MAE: 0.8578027228047829
Total Baseline MAE: 0.6082648269865247
Model MAPE: 0.031507097490563435
Baseline MAPE: 0.022318821931965535
 ============
 Round: 1804
Total Model RMSE: 0.9707126913508846
Total Baseline RMSE: 0.7219364553272946
Total Model MAE: 0.8413566278915146
Total Baseline MAE: 0.6085091617107391
Model MAPE: 0.030947987501815433
Baseline MAPE: 0.022299612359668777
 ============
 Round: 1805
Total Model RMSE: 0.964264563458873
Total Baseline RMSE: 0.7257002432124616
Total Model MAE: 0.8364752824520933
Total Baseline MAE: 0.6115853956222533
Model MAPE: 0.030791506420350848
Baseline MAPE: 0.022389292376844488
 ============
 Round: 1806
Total Model RMSE: 0.9570489070135673
Total Baseline RMSE: 0.7289944336206565
Total Model MAE: 0.8265173512462209
Total Baseline MAE: 0.6143295514318677
Model MAPE: 0.030450673658738436
Baseline MAPE: 0.02246498985684947
 ============
 Round: 1807
Total Model RMSE: 0.9506533434553073
Total Baseline RMSE: 0.7307523014588202
Total Model MAE: 0.817272741854711
Total Baseline MAE: 0.6159654719034832
Model MAPE: 0.030108513949499132
Baseline MAPE: 0.022504988804883063
 ============
 Round: 1808
Total Model RMSE: 0.944385109018572
Total Baseline RMSE: 0.7343678059965852
Total Model MAE: 0.8089710418826993
Total Baseline MAE: 0.6199094125827155
Model MAPE: 0.029792517629962722
Baseline MAPE: 0.02263314569194039
 ============
 Round: 1809
Total Model RMSE: 0.9425510155599107
Total Baseline RMSE: 0.7458417631175172
Total Model MAE: 0.8026780135242861
Total Baseline MAE: 0.6295970332181012
Model MAPE: 0.02951789210697169
Baseline MAPE: 0.02296992910385697
 ============
 Round: 1810
Total Model RMSE: 0.9489605654274115
Total Baseline RMSE: 0.7679591398658238
Total Model MAE: 0.8062690391996198
Total Baseline MAE: 0.6467103298505147
Model MAPE: 0.02959431563472883
Baseline MAPE: 0.02356969842348334
 ============
 Round: 1811
Total Model RMSE: 0.9677151264466181
Total Baseline RMSE: 0.8040396705569387
Total Model MAE: 0.8199510203118477
Total Baseline MAE: 0.672338845686479
Model MAPE: 0.030018008702104415
Baseline MAPE: 0.024466527598479358
 ============
 Round: 1812
Total Model RMSE: 0.9956624077712543
Total Baseline RMSE: 0.8478730176421425
Total Model MAE: 0.8435802196752679
Total Baseline MAE: 0.703951303746965
Model MAPE: 0.030799140580045112
Baseline MAPE: 0.025574299556568737
 ============
 Round: 1813
Total Model RMSE: 1.0184299496730076
Total Baseline RMSE: 0.882913155740796
Total Model MAE: 0.8656842886559519
Total Baseline MAE: 0.7312384348649243
Model MAPE: 0.0315416003383279
Baseline MAPE: 0.02652925118620267
 ============
 Round: 1814
Total Model RMSE: 1.0375999448705593
Total Baseline RMSE: 0.9098082855607822
Total Model MAE: 0.8863264659819388
Total Baseline MAE: 0.7530789877119517
Model MAPE: 0.03223166216156815
Baseline MAPE: 0.027289315584824697
 ============
 Round: 1815
Total Model RMSE: 1.0492678252684662
Total Baseline RMSE: 0.9315320206027727
Total Model MAE: 0.9004351678459473
Total Baseline MAE: 0.7711042334238687
Model MAPE: 0.0326908586512009
Baseline MAPE: 0.0279133207591391
 ============
 Round: 1816
Total Model RMSE: 1.047853445052719
Total Baseline RMSE: 0.9494871354495458
Total Model MAE: 0.9009796357377312
Total Baseline MAE: 0.7858764999111493
Model MAPE: 0.032663846847626216
Baseline MAPE: 0.02842466811285163
 ============
 Round: 1817
Total Model RMSE: 1.037384298667379
Total Baseline RMSE: 0.9660398445437876
Total Model MAE: 0.8900882165738715
Total Baseline MAE: 0.7998574898476694
Model MAPE: 0.03223428941446297
Baseline MAPE: 0.028916020951070185
 ============
 Round: 1818
Total Model RMSE: 1.0212694891496417
Total Baseline RMSE: 0.9810984346807219
Total Model MAE: 0.8707021708816006
Total Baseline MAE: 0.8127383606698778
Model MAPE: 0.031505758432647274
Baseline MAPE: 0.029374695431275074
 ============
 Round: 1819
Total Model RMSE: 1.0050723318134824
Total Baseline RMSE: 0.9943611446665935
Total Model MAE: 0.8514999255951866
Total Baseline MAE: 0.8241387624071357
Model MAPE: 0.030792695009898494
Baseline MAPE: 0.02978201023172393
 ============
 Round: 1820
Total Model RMSE: 0.9891715841680989
Total Baseline RMSE: 1.0064575200465762
Total Model MAE: 0.8335994143327705
Total Baseline MAE: 0.8345691322962445
Model MAPE: 0.030135821113123587
Baseline MAPE: 0.030157672296140366
 ============
 Round: 1821
Total Model RMSE: 0.9744436927138705
Total Baseline RMSE: 1.015645652325336
Total Model MAE: 0.8184788875181997
Total Baseline MAE: 0.8425781654479014
Model MAPE: 0.029589868056216207
Baseline MAPE: 0.030448591871839622
 ============
 Round: 1822
Total Model RMSE: 0.96141663737957
Total Baseline RMSE: 1.0205824269098642
Total Model MAE: 0.8057854422217884
Total Baseline MAE: 0.8469912939649642
Model MAPE: 0.02913870136513316
Baseline MAPE: 0.030612537733873877
 ============
 Round: 1823
Total Model RMSE: 0.9530202241352688
Total Baseline RMSE: 1.020824695378445
Total Model MAE: 0.7976834619670394
Total Baseline MAE: 0.8483116863775948
Model MAPE: 0.028861164515599592
Baseline MAPE: 0.030672828744531255
 ============
 Round: 1824
Total Model RMSE: 0.9476653940647923
Total Baseline RMSE: 1.0168357847546308
Total Model MAE: 0.7938354105155495
Total Baseline MAE: 0.8467203306754435
Model MAPE: 0.028739777592198004
Baseline MAPE: 0.0306333360028659
 ============
 Round: 1825
Total Model RMSE: 0.9426307078058093
Total Baseline RMSE: 1.01246005721391
Total Model MAE: 0.7900252299420708
Total Baseline MAE: 0.8444206435012824
Model MAPE: 0.028619935516751883
Baseline MAPE: 0.030568025486101512
 ============
 Round: 1826
Total Model RMSE: 0.9382917480246721
Total Baseline RMSE: 1.008380341743868
Total Model MAE: 0.7873293642327002
Total Baseline MAE: 0.8421662079737743
Model MAPE: 0.028542183860023478
Baseline MAPE: 0.030504158553567577
 ============
 Round: 1827
Total Model RMSE: 0.9353022052813735
Total Baseline RMSE: 1.0049732703203527
Total Model MAE: 0.7859106396895591
Total Baseline MAE: 0.8406630268567881
Model MAPE: 0.0285134050606351
Baseline MAPE: 0.030468535300169113
 ============
 Round: 1828
Total Model RMSE: 0.9309589124225458
Total Baseline RMSE: 1.0017264374639678
Total Model MAE: 0.7833932085522513
Total Baseline MAE: 0.8389979243164978
Model MAPE: 0.028443626567733755
Baseline MAPE: 0.030425523023721538
 ============
 Round: 1829
Total Model RMSE: 0.9249022390184299
Total Baseline RMSE: 0.9980292236717507
Total Model MAE: 0.7785579137926544
Total Baseline MAE: 0.836708317351068
Model MAPE: 0.028284612689723595
Baseline MAPE: 0.03035638761430742
 ============
 Round: 1830
Total Model RMSE: 0.9190875962634635
Total Baseline RMSE: 0.993607843199428
Total Model MAE: 0.7741666247000011
Total Baseline MAE: 0.8331651453124161
Model MAPE: 0.02814063412215469
Baseline MAPE: 0.03023959993787135
 ============
 Round: 1831
Total Model RMSE: 0.911992040370995
Total Baseline RMSE: 0.9891921925441813
Total Model MAE: 0.7681619286396832
Total Baseline MAE: 0.8293751133949536
Model MAPE: 0.027934833515186254
Baseline MAPE: 0.030112058641985837
 ============
 Round: 1832
Total Model RMSE: 0.9038225731809569
Total Baseline RMSE: 0.984543643238041
Total Model MAE: 0.7604619075606797
Total Baseline MAE: 0.8252031666437795
Model MAPE: 0.027661095215843128
Baseline MAPE: 0.02996762165004356
 ============
 Round: 1833
Total Model RMSE: 0.8962363026219914
Total Baseline RMSE: 0.9792381655515447
Total Model MAE: 0.753310746300738
Total Baseline MAE: 0.8201456105781335
Model MAPE: 0.02740547612064833
Baseline MAPE: 0.029788269255572097
 ============
 Round: 1834
Total Model RMSE: 0.8891327981712841
Total Baseline RMSE: 0.973196993180754
Total Model MAE: 0.7468421555770918
Total Baseline MAE: 0.8139355184985154
Model MAPE: 0.027172541545557195
Baseline MAPE: 0.029566108458342406
 ============
 Round: 1835
Total Model RMSE: 0.8825207631953724
Total Baseline RMSE: 0.9655995808502427
Total Model MAE: 0.740576995713163
Total Baseline MAE: 0.8061253934315284
Model MAPE: 0.026943898268565122
Baseline MAPE: 0.029283619638952863
 ============
 Round: 1836
Total Model RMSE: 0.8764147788099172
Total Baseline RMSE: 0.956980014843095
Total Model MAE: 0.7347429523054614
Total Baseline MAE: 0.7972182614008599
Model MAPE: 0.02672861734691277
Baseline MAPE: 0.028958729637963417
 ============
 Round: 1837
Total Model RMSE: 0.8711381784295675
Total Baseline RMSE: 0.9482495219877284
Total Model MAE: 0.7296687184474282
Total Baseline MAE: 0.7880626905114816
Model MAPE: 0.026539558416739235
Baseline MAPE: 0.028623846183851272
 ============
 Round: 1838
Total Model RMSE: 0.8662203006323337
Total Baseline RMSE: 0.9396009402635448
Total Model MAE: 0.7249925436042717
Total Baseline MAE: 0.7789198909140486
Model MAPE: 0.026364341064195284
Baseline MAPE: 0.02828965894613832
 ============
 Round: 1839
Total Model RMSE: 0.8622958581294932
Total Baseline RMSE: 0.9309665512018097
Total Model MAE: 0.7217484379453084
Total Baseline MAE: 0.7697118888431141
Model MAPE: 0.026240949281941293
Baseline MAPE: 0.027952089659111116
 ============
 Round: 1840
Total Model RMSE: 0.8572687036271195
Total Baseline RMSE: 0.9227427417155781
Total Model MAE: 0.7170171482924911
Total Baseline MAE: 0.761146353435518
Model MAPE: 0.026066469876574738
Baseline MAPE: 0.02763786600030511
 ============
 Round: 1841
Total Model RMSE: 0.8525782694432567
Total Baseline RMSE: 0.9144982230494497
Total Model MAE: 0.7126736532562296
Total Baseline MAE: 0.7523281491364906
Model MAPE: 0.025906345925605288
Baseline MAPE: 0.027314651686271615
 ============
 Round: 1842
Total Model RMSE: 0.8473152194873422
Total Baseline RMSE: 0.9065301383672674
Total Model MAE: 0.7076654389951396
Total Baseline MAE: 0.743825676690966
Model MAPE: 0.025724565797728905
Baseline MAPE: 0.02700300819593396
 ============
 Round: 1843
Total Model RMSE: 0.8415366795606092
Total Baseline RMSE: 0.8988957071622443
Total Model MAE: 0.7015194521494892
Total Baseline MAE: 0.7357660247447894
Model MAPE: 0.025502307315360028
Baseline MAPE: 0.026708240316877116
 ============
 Round: 1844
Total Model RMSE: 0.8363223223614072
Total Baseline RMSE: 0.8918872678120734
Total Model MAE: 0.6960437655249613
Total Baseline MAE: 0.7284500085440564
Model MAPE: 0.02530723359568501
Baseline MAPE: 0.026442970004428877
 ============
 Round: 1845
Total Model RMSE: 0.8317359645505922
Total Baseline RMSE: 0.8854726672016061
Total Model MAE: 0.6911225084277663
Total Baseline MAE: 0.7218641300130788
Model MAPE: 0.025133713673362416
Baseline MAPE: 0.026205631644969807
 ============
 Round: 1846
Total Model RMSE: 0.8280374216664228
Total Baseline RMSE: 0.8798764965225507
Total Model MAE: 0.687510433262453
Total Baseline MAE: 0.7164569528275656
Model MAPE: 0.02500969284453332
Baseline MAPE: 0.02601285236222985
 ============
 Round: 1847
Total Model RMSE: 0.8262438633929768
Total Baseline RMSE: 0.8758092201536873
Total Model MAE: 0.6859136170520175
Total Baseline MAE: 0.7125957761588686
Model MAPE: 0.024963158278478455
Baseline MAPE: 0.02588066688378176
 ============
 Round: 1848
Total Model RMSE: 0.8274832225580343
Total Baseline RMSE: 0.8742431264739783
Total Model MAE: 0.6868228731087356
Total Baseline MAE: 0.710833488841853
Model MAPE: 0.025015060869520364
Baseline MAPE: 0.025832323176945855
 ============
 Round: 1849
Total Model RMSE: 0.8316697521006393
Total Baseline RMSE: 0.8752573913925238
Total Model MAE: 0.6894400906598162
Total Baseline MAE: 0.7112135975247353
Model MAPE: 0.025134555869296332
Baseline MAPE: 0.02586895720739939
 ============
 Round: 1850
Total Model RMSE: 0.8367501349656415
Total Baseline RMSE: 0.8772346982266873
Total Model MAE: 0.6928050916084472
Total Baseline MAE: 0.7125643584823623
Model MAPE: 0.02528413645884264
Baseline MAPE: 0.0259426368359641
 ============
 Round: 1851
Total Model RMSE: 0.8434035722772304
Total Baseline RMSE: 0.8798880373566373
Total Model MAE: 0.6973244459457937
Total Baseline MAE: 0.7147319424947118
Model MAPE: 0.025479840304940462
Baseline MAPE: 0.026047545643544216
 ============
 Round: 1852
Total Model RMSE: 0.8503809090698404
Total Baseline RMSE: 0.8826244276338635
Total Model MAE: 0.7022113672279443
Total Baseline MAE: 0.717216741372379
Model MAPE: 0.025690671445606154
Baseline MAPE: 0.026163311436784322
 ============
 Round: 1853
Total Model RMSE: 0.8588974327500479
Total Baseline RMSE: 0.8853584062602133
Total Model MAE: 0.707695435855927
Total Baseline MAE: 0.7199315070506178
Model MAPE: 0.025926034206557005
Baseline MAPE: 0.026286435468189866
 ============
 Round: 1854
Total Model RMSE: 0.8671948361962954
Total Baseline RMSE: 0.8879911786840702
Total Model MAE: 0.7131210785799473
Total Baseline MAE: 0.7226185407815173
Model MAPE: 0.026158713670543524
Baseline MAPE: 0.026407611081617738
 ============
 Round: 1855
Total Model RMSE: 0.8735842749833552
Total Baseline RMSE: 0.8903086982236983
Total Model MAE: 0.7172347141983161
Total Baseline MAE: 0.7247509339939481
Model MAPE: 0.0263397155796555
Baseline MAPE: 0.026507952082427132
 ============
 Round: 1856
Total Model RMSE: 0.8776432835678734
Total Baseline RMSE: 0.8921952695234615
Total Model MAE: 0.7192447726895789
Total Baseline MAE: 0.7264385752167037
Model MAPE: 0.02643813646939633
Baseline MAPE: 0.026590363869803603
 ============
 Round: 1857
Total Model RMSE: 0.8809407201021794
Total Baseline RMSE: 0.8939410832565682
Total Model MAE: 0.720842095173479
Total Baseline MAE: 0.7280411033016914
Model MAPE: 0.02651876353051187
Baseline MAPE: 0.026668646522082496
 ============
 Round: 1858
Total Model RMSE: 0.8831350919228131
Total Baseline RMSE: 0.8957276008562448
Total Model MAE: 0.7218667704088546
Total Baseline MAE: 0.7297004350300509
Model MAPE: 0.026573076353010042
Baseline MAPE: 0.026747058768965788
 ============
 Round: 1859
Total Model RMSE: 0.8843218629396886
Total Baseline RMSE: 0.898019478016511
Total Model MAE: 0.7229885769673239
Total Baseline MAE: 0.7317208940376688
Model MAPE: 0.026623941916876524
Baseline MAPE: 0.026834138215671103
 ============
 Round: 1860
Total Model RMSE: 0.8853456530152531
Total Baseline RMSE: 0.9010993846413003
Total Model MAE: 0.7248441518547551
Total Baseline MAE: 0.734088582134249
Model MAPE: 0.0266932732999855
Baseline MAPE: 0.026927271183722703
 ============
 Round: 1861
Total Model RMSE: 0.8875279622944358
Total Baseline RMSE: 0.9040680965163581
Total Model MAE: 0.727586695002376
Total Baseline MAE: 0.7364093105337032
Model MAPE: 0.02678863915580812
Baseline MAPE: 0.027013630426045473
 ============
 Round: 1862
Total Model RMSE: 0.8900579022215289
Total Baseline RMSE: 0.906722439791451
Total Model MAE: 0.7302232757806393
Total Baseline MAE: 0.7385415074235676
Model MAPE: 0.026877659205146995
Baseline MAPE: 0.027091150402260886
 ============
 Round: 1863
Total Model RMSE: 0.893450497571437
Total Baseline RMSE: 0.9087495336170652
Total Model MAE: 0.7338675207639673
Total Baseline MAE: 0.7399662483255728
Model MAPE: 0.027003232431770694
Baseline MAPE: 0.027141292904419415
 ============
 Round: 1864
Total Model RMSE: 0.8934754491033188
Total Baseline RMSE: 0.9105478697882615
Total Model MAE: 0.7337869771160522
Total Baseline MAE: 0.7409555207689634
Model MAPE: 0.026991558582595627
Baseline MAPE: 0.027175412562061477
 ============
 Round: 1865
Total Model RMSE: 0.8932207876881018
Total Baseline RMSE: 0.912259391475868
Total Model MAE: 0.7336845345756547
Total Baseline MAE: 0.7417617282720745
Model MAPE: 0.026979093623876488
Baseline MAPE: 0.02720343556625522
 ============
 Round: 1866
Total Model RMSE: 0.8910263442229475
Total Baseline RMSE: 0.9139594862974154
Total Model MAE: 0.7312333963729372
Total Baseline MAE: 0.7425600430893209
Model MAPE: 0.026881592939928985
Baseline MAPE: 0.02723179524572503
 ============
 Round: 1867
Total Model RMSE: 0.888787904713564
Total Baseline RMSE: 0.9157986475987636
Total Model MAE: 0.7289943033751373
Total Baseline MAE: 0.7437327091065246
Model MAPE: 0.026793395495193727
Baseline MAPE: 0.027274733755316857
 ============
 Round: 1868
Total Model RMSE: 0.8857799824729219
Total Baseline RMSE: 0.9179548699319054
Total Model MAE: 0.7256930502111423
Total Baseline MAE: 0.7452992550578804
Model MAPE: 0.02667036397179037
Baseline MAPE: 0.027334054328145355
 ============
 Round: 1869
Total Model RMSE: 0.8835744126857982
Total Baseline RMSE: 0.9214829789193839
Total Model MAE: 0.723230600156358
Total Baseline MAE: 0.7478963286450552
Model MAPE: 0.026583807204855238
Baseline MAPE: 0.02743602647407423
 ============
 Round: 1870
Total Model RMSE: 0.8837337700478872
Total Baseline RMSE: 0.9279194703861497
Total Model MAE: 0.7223185880653995
Total Baseline MAE: 0.7521204335121914
Model MAPE: 0.026564479492764033
Baseline MAPE: 0.02760680428885106
 ============
 Round: 1871
Total Model RMSE: 0.8889773598923084
Total Baseline RMSE: 0.938271575788848
Total Model MAE: 0.7240929618666762
Total Baseline MAE: 0.7579198547058855
Model MAPE: 0.026658463362227394
Baseline MAPE: 0.027849789851133795
 ============
 Round: 1872
Total Model RMSE: 0.8997175236687291
Total Baseline RMSE: 0.9511747805246897
Total Model MAE: 0.7292065071282235
Total Baseline MAE: 0.7646744262509908
Model MAPE: 0.026888490810282852
Baseline MAPE: 0.028141815980176007
 ============
 Round: 1873
Total Model RMSE: 0.9136096594196008
Total Baseline RMSE: 0.9657590363261864
Total Model MAE: 0.7360001217555315
Total Baseline MAE: 0.772214879440938
Model MAPE: 0.02719146207854684
Baseline MAPE: 0.0284736791244295
 ============
 Round: 1874
Total Model RMSE: 0.9298574129906999
Total Baseline RMSE: 0.9814507676161262
Total Model MAE: 0.7446835527892979
Total Baseline MAE: 0.7807813316852157
Model MAPE: 0.027571031197027362
Baseline MAPE: 0.028849402181204287
 ============
 Round: 1875
Total Model RMSE: 0.9462418715128733
Total Baseline RMSE: 0.9971151664100801
Total Model MAE: 0.7539566727902187
Total Baseline MAE: 0.7898097407489388
Model MAPE: 0.027973906410298715
Baseline MAPE: 0.029242872880263417
 ============
 Round: 1876
Total Model RMSE: 0.9640637611601034
Total Baseline RMSE: 1.012641638255558
Total Model MAE: 0.7641248646367343
Total Baseline MAE: 0.799420972292887
Model MAPE: 0.028412147261922132
Baseline MAPE: 0.02965713299549593
 ============
 Round: 1877
Total Model RMSE: 0.9804146376247628
Total Baseline RMSE: 1.0276617915994752
Total Model MAE: 0.7739779899833846
Total Baseline MAE: 0.8090607237960391
Model MAPE: 0.02883572136739804
Baseline MAPE: 0.03007082217831786
 ============
 Round: 1878
Total Model RMSE: 0.9966991331051323
Total Baseline RMSE: 1.0421080655879955
Total Model MAE: 0.7841398071162697
Total Baseline MAE: 0.8185354795211441
Model MAPE: 0.029269891106194545
Baseline MAPE: 0.03047666923097443
 ============
 Round: 1879
Total Model RMSE: 1.0102119286912703
Total Baseline RMSE: 1.0559675034247455
Total Model MAE: 0.7925446755938582
Total Baseline MAE: 0.8277019904011959
Model MAPE: 0.029633467095859102
Baseline MAPE: 0.030869343782792102
 ============
 Round: 1880
Total Model RMSE: 1.0207951500108088
Total Baseline RMSE: 1.069200160368883
Total Model MAE: 0.7992350656415772
Total Baseline MAE: 0.8363696571906452
Model MAPE: 0.029927455383774768
Baseline MAPE: 0.031241372180572515
 ============
 Round: 1881
Total Model RMSE: 1.0279660628685472
Total Baseline RMSE: 1.0809432908135288
Total Model MAE: 0.8037616651822989
Total Baseline MAE: 0.8439063754219132
Model MAPE: 0.030133214522117355
Baseline MAPE: 0.03156772138871023
 ============
 Round: 1882
Total Model RMSE: 1.0311145589388926
Total Baseline RMSE: 1.0904022504523436
Total Model MAE: 0.8060927727288107
Total Baseline MAE: 0.8501097306197297
Model MAPE: 0.030246548367714128
Baseline MAPE: 0.03183831351222185
 ============
 Round: 1883
Total Model RMSE: 1.0322847140118034
Total Baseline RMSE: 1.096572382675148
Total Model MAE: 0.8073936726268014
Total Baseline MAE: 0.8546550631504028
Model MAPE: 0.030311633544678092
Baseline MAPE: 0.032037894546725766
 ============
 Round: 1884
Total Model RMSE: 1.0327121336291543
Total Baseline RMSE: 1.098992522852307
Total Model MAE: 0.8085471504596132
Total Baseline MAE: 0.856934008802691
Model MAPE: 0.0303650016162954
Baseline MAPE: 0.03214395200601722
 ============
 Round: 1885
Total Model RMSE: 1.0332613888773432
Total Baseline RMSE: 1.098863591323413
Total Model MAE: 0.8095979060046581
Total Baseline MAE: 0.8575807106728692
Model MAPE: 0.03040826951514901
Baseline MAPE: 0.03218125681771671
 ============
 Round: 1886
Total Model RMSE: 1.0337864366866725
Total Baseline RMSE: 1.0974641373561878
Total Model MAE: 0.8105061072365154
Total Baseline MAE: 0.8572847760296652
Model MAPE: 0.030444030482154546
Baseline MAPE: 0.0321788476644639
 ============
 Round: 1887
Total Model RMSE: 1.0339845873137075
Total Baseline RMSE: 1.0956907736979056
Total Model MAE: 0.8111818207395923
Total Baseline MAE: 0.8565820371949397
Model MAPE: 0.0304700210909668
Baseline MAPE: 0.03215970712531755
 ============
 Round: 1888
Total Model RMSE: 1.0337858501884467
Total Baseline RMSE: 1.0938097636843367
Total Model MAE: 0.8115596169285846
Total Baseline MAE: 0.8557491995782607
Model MAPE: 0.03048250185252219
Baseline MAPE: 0.03213468997730376
 ============
 Round: 1889
Total Model RMSE: 1.0339182815157026
Total Baseline RMSE: 1.0922473515703617
Total Model MAE: 0.811964483349921
Total Baseline MAE: 0.8553281336937992
Model MAPE: 0.030493528296138328
Baseline MAPE: 0.03212359134576064
 ============
 Round: 1890
Total Model RMSE: 1.034278805497026
Total Baseline RMSE: 1.0911480620156204
Total Model MAE: 0.8124655377021184
Total Baseline MAE: 0.8555351544874726
Model MAPE: 0.03050539227662408
Baseline MAPE: 0.0321341358625203
 ============
 Round: 1891
Total Model RMSE: 1.03438367306
Total Baseline RMSE: 1.0902735232629501
Total Model MAE: 0.8127766025703629
Total Baseline MAE: 0.8561272517578108
Model MAPE: 0.030509466331359855
Baseline MAPE: 0.032157674634204825
 ============
 Round: 1892
Total Model RMSE: 1.0341540051167364
Total Baseline RMSE: 1.0892748745675471
Total Model MAE: 0.8129432650131468
Total Baseline MAE: 0.8565986240773998
Model MAPE: 0.03050780897356508
Baseline MAPE: 0.032175478208002956
 ============
 Round: 1893
Total Model RMSE: 1.0342147737399712
Total Baseline RMSE: 1.0884149454898315
Total Model MAE: 0.8135894981510716
Total Baseline MAE: 0.8572673791147083
Model MAPE: 0.03052367112830671
Baseline MAPE: 0.032199013379830055
 ============
 Round: 1894
Total Model RMSE: 1.034559858217433
Total Baseline RMSE: 1.0876410334824322
Total Model MAE: 0.8146013577778456
Total Baseline MAE: 0.8579972350512869
Model MAPE: 0.030551904198244984
Baseline MAPE: 0.03222216322306516
 ============
 Round: 1895
Total Model RMSE: 1.0365988430098056
Total Baseline RMSE: 1.087727738878514
Total Model MAE: 0.8171604862261899
Total Baseline MAE: 0.8592639781851549
Model MAPE: 0.030633680982234544
Baseline MAPE: 0.03225970835017301
 ============
 Round: 1896
Total Model RMSE: 1.0416329317411392
Total Baseline RMSE: 1.09082113734493
Total Model MAE: 0.8214319428235428
Total Baseline MAE: 0.8623331555359923
Model MAPE: 0.03077148167416274
Baseline MAPE: 0.032357862094864444
 ============
 Round: 1897
Total Model RMSE: 1.0486308767241619
Total Baseline RMSE: 1.0965376707861987
Total Model MAE: 0.8273547389491367
Total Baseline MAE: 0.8669009442706318
Model MAPE: 0.030967194327408038
Baseline MAPE: 0.03250593650477698
 ============
 Round: 1898
Total Model RMSE: 1.057922543304056
Total Baseline RMSE: 1.103789147189047
Total Model MAE: 0.8351318209307403
Total Baseline MAE: 0.8724379311645952
Model MAPE: 0.03122822231131612
Baseline MAPE: 0.032685914836567076
 ============
 Round: 1899
Total Model RMSE: 1.0665555407389729
Total Baseline RMSE: 1.1118458533185156
Total Model MAE: 0.8426529586714557
Total Baseline MAE: 0.8787156843705639
Model MAPE: 0.031478632726967534
Baseline MAPE: 0.03289104996328012
 ============
 Round: 1900
Total Model RMSE: 1.073569870625426
Total Baseline RMSE: 1.119762585612587
Total Model MAE: 0.8491326107514627
Total Baseline MAE: 0.8849395392576882
Model MAPE: 0.03169054984345173
Baseline MAPE: 0.033093835501101246
 ============
 Round: 1901
Total Model RMSE: 1.0767502626052539
Total Baseline RMSE: 1.127162125459988
Total Model MAE: 0.8526718135851142
Total Baseline MAE: 0.8905408029335982
Model MAPE: 0.03179846830950408
Baseline MAPE: 0.03327513975731292
 ============
 Round: 1902
Total Model RMSE: 1.0778768610529696
Total Baseline RMSE: 1.1345245399579915
Total Model MAE: 0.8540599412141906
Total Baseline MAE: 0.8961225189165382
Model MAPE: 0.03183038203614337
Baseline MAPE: 0.033458233709478175
 ============
 Round: 1903
Total Model RMSE: 1.0780579425816978
Total Baseline RMSE: 1.1427009056282769
Total Model MAE: 0.8545154921634869
Total Baseline MAE: 0.9023676465537583
Model MAPE: 0.0318330400220637
Baseline MAPE: 0.03366983452754398
 ============
 Round: 1904
Total Model RMSE: 1.0789152657743422
Total Baseline RMSE: 1.1519306638045983
Total Model MAE: 0.8557156480264856
Total Baseline MAE: 0.9096290361483919
Model MAPE: 0.031868170972590155
Baseline MAPE: 0.03392376973990229
 ============
 Round: 1905
Total Model RMSE: 1.0808343809840995
Total Baseline RMSE: 1.162441710459677
Total Model MAE: 0.8576167367275389
Total Baseline MAE: 0.9178207580293954
Model MAPE: 0.031936834360691134
Baseline MAPE: 0.03421807917222523
 ============
 Round: 1906
Total Model RMSE: 1.0844645618343993
Total Baseline RMSE: 1.1745819300566722
Total Model MAE: 0.8608376817399018
Total Baseline MAE: 0.9269887524580832
Model MAPE: 0.03206298121043556
Baseline MAPE: 0.034556206878671135
 ============
 Round: 1907
Total Model RMSE: 1.0913044795504785
Total Baseline RMSE: 1.1886836845862045
Total Model MAE: 0.8652724409865997
Total Baseline MAE: 0.9369935227242611
Model MAPE: 0.03224670532773244
Baseline MAPE: 0.03493649797880471
 ============
 Round: 1908
Total Model RMSE: 1.1019154215825275
Total Baseline RMSE: 1.2041360311592912
Total Model MAE: 0.8718833912387732
Total Baseline MAE: 0.9474786398204781
Model MAPE: 0.03252138721870915
Baseline MAPE: 0.03534883658671499
 ============
 Round: 1909
Total Model RMSE: 1.117285936911088
Total Baseline RMSE: 1.2205664860916257
Total Model MAE: 0.8807582334636265
Total Baseline MAE: 0.9583619826226448
Model MAPE: 0.032891476748338054
Baseline MAPE: 0.035788346165340844
 ============
 Round: 1910
Total Model RMSE: 1.1346005719333432
Total Baseline RMSE: 1.2368932007391946
Total Model MAE: 0.8912430972254888
Total Baseline MAE: 0.9692673176649871
Model MAPE: 0.033325236070758255
Baseline MAPE: 0.0362346680359002
 ============
 Round: 1911
Total Model RMSE: 1.1539407718115557
Total Baseline RMSE: 1.2532576350548366
Total Model MAE: 0.9029467421280267
Total Baseline MAE: 0.9803149920025415
Model MAPE: 0.03380839074899315
Baseline MAPE: 0.036689879178231764
 ============
 Round: 1912
Total Model RMSE: 1.1736766919219146
Total Baseline RMSE: 1.2693841713679106
Total Model MAE: 0.9153329050523935
Total Baseline MAE: 0.9914597227261209
Model MAPE: 0.03431745541980608
Baseline MAPE: 0.03714895652961424
 ============
 Round: 1913
Total Model RMSE: 1.1911812835068072
Total Baseline RMSE: 1.2850438626792764
Total Model MAE: 0.9267443419231602
Total Baseline MAE: 1.00242711895687
Model MAPE: 0.03478746150848413
Baseline MAPE: 0.037600511410251336
 ============
 Round: 1914
Total Model RMSE: 1.205559751613373
Total Baseline RMSE: 1.299916520252466
Total Model MAE: 0.9364683215344298
Total Baseline MAE: 1.0127360462445298
Model MAPE: 0.035190957004824226
Baseline MAPE: 0.03802632126060325
 ============
 Round: 1915
Total Model RMSE: 1.2148927397463256
Total Baseline RMSE: 1.31368496828966
Total Model MAE: 0.9430567648380758
Total Baseline MAE: 1.0222102834563362
Model MAPE: 0.03546972209488817
Baseline MAPE: 0.038418435982163136
 ============
 Round: 1916
Total Model RMSE: 1.2205204521824067
Total Baseline RMSE: 1.3261757185957166
Total Model MAE: 0.9473621186819521
Total Baseline MAE: 1.0306415338214827
Model MAPE: 0.035657542901352465
Baseline MAPE: 0.03876847719448227
 ============
 Round: 1917
Total Model RMSE: 1.2230331429210115
Total Baseline RMSE: 1.337065041610397
Total Model MAE: 0.9496657826718762
Total Baseline MAE: 1.0377898168998607
Model MAPE: 0.03576335326669999
Baseline MAPE: 0.03906647971461732
 ============
 Round: 1918
Total Model RMSE: 1.223524974718223
Total Baseline RMSE: 1.345963227019832
Total Model MAE: 0.95044056269091
Total Baseline MAE: 1.0435209736716318
Model MAPE: 0.03580573511067318
Baseline MAPE: 0.039306683368012185
 ============
 Round: 1919
Total Model RMSE: 1.2226656349251606
Total Baseline RMSE: 1.3517836539570256
Total Model MAE: 0.950157743923311
Total Baseline MAE: 1.047225571822056
Model MAPE: 0.0358022426937365
Baseline MAPE: 0.039465001562133076
 ============
 Round: 1920
Total Model RMSE: 1.221042568889339
Total Baseline RMSE: 1.3541892049926065
Total Model MAE: 0.948854895119599
Total Baseline MAE: 1.048945061397557
Model MAPE: 0.03575353230061821
Baseline MAPE: 0.03954157184325689
 ============
 Round: 1921
Total Model RMSE: 1.2197332296327688
Total Baseline RMSE: 1.353528564267917
Total Model MAE: 0.9476212164294908
Total Baseline MAE: 1.0487259464579226
Model MAPE: 0.03570559224118111
Baseline MAPE: 0.039538871512833924
 ============
 Round: 1922
Total Model RMSE: 1.2184611428310526
Total Baseline RMSE: 1.3512655009217145
Total Model MAE: 0.9464689718396826
Total Baseline MAE: 1.0471416598981893
Model MAPE: 0.03566029435872878
Baseline MAPE: 0.03948230764670173
 ============
 Round: 1923
Total Model RMSE: 1.2176295954427325
Total Baseline RMSE: 1.3479551424338858
Total Model MAE: 0.9459563653099795
Total Baseline MAE: 1.0446358617456997
Model MAPE: 0.03563847205210735
Baseline MAPE: 0.039389684303896805
 ============
 Round: 1924
Total Model RMSE: 1.2157476661474405
Total Baseline RMSE: 1.344314909465598
Total Model MAE: 0.9443867355707868
Total Baseline MAE: 1.0415956396159354
Model MAPE: 0.03557756959998792
Baseline MAPE: 0.03927706606921005
 ============
 Round: 1925
Total Model RMSE: 1.2140275694206217
Total Baseline RMSE: 1.3407076283648238
Total Model MAE: 0.9431689992134137
Total Baseline MAE: 1.038575321032211
Model MAPE: 0.035529607125031185
Baseline MAPE: 0.03916508266018181
 ============
 Round: 1926
Total Model RMSE: 1.211612351026133
Total Baseline RMSE: 1.337077132922388
Total Model MAE: 0.9412606054522494
Total Baseline MAE: 1.0354899625702558
Model MAPE: 0.035457464331828135
Baseline MAPE: 0.03905044883092676
 ============
 Round: 1927
Total Model RMSE: 1.2096891704212787
Total Baseline RMSE: 1.3333772384367188
Total Model MAE: 0.940000614009867
Total Baseline MAE: 1.0323330376192075
Model MAPE: 0.03540843227086194
Baseline MAPE: 0.03893254062819219
 ============
 Round: 1928
Total Model RMSE: 1.2082327150544552
Total Baseline RMSE: 1.33015441089576
Total Model MAE: 0.9393104511050607
Total Baseline MAE: 1.029716265171771
Model MAPE: 0.03537962399119537
Baseline MAPE: 0.03883338239754148
 ============
 Round: 1929
Total Model RMSE: 1.207261528248167
Total Baseline RMSE: 1.3272331974281504
Total Model MAE: 0.9390872916098775
Total Baseline MAE: 1.0275194465775255
Model MAPE: 0.035366220820644945
Baseline MAPE: 0.03874913946643655
 ============
 Round: 1930
Total Model RMSE: 1.2064100563174855
Total Baseline RMSE: 1.3244096517116304
Total Model MAE: 0.9390936287324005
Total Baseline MAE: 1.025464544499231
Model MAPE: 0.03536089273448907
Baseline MAPE: 0.03866946137418588
 ============
 Round: 1931
Total Model RMSE: 1.2064522182963646
Total Baseline RMSE: 1.322227293321111
Total Model MAE: 0.9398451096239098
Total Baseline MAE: 1.0241384195250154
Model MAPE: 0.0353808443946154
Baseline MAPE: 0.0386157798800638
 ============
 Round: 1932
Total Model RMSE: 1.2065634540658514
Total Baseline RMSE: 1.3200956887236095
Total Model MAE: 0.9407328495775265
Total Baseline MAE: 1.0228845350718305
Model MAPE: 0.035405491668992366
Baseline MAPE: 0.03856373554851938
 ============
 Round: 1933
Total Model RMSE: 1.2075360592452724
Total Baseline RMSE: 1.3179611548185042
Total Model MAE: 0.9422749248771981
Total Baseline MAE: 1.0215563004883357
Model MAPE: 0.035453352427787105
Baseline MAPE: 0.03850811106268254
 ============
 Round: 1934
Total Model RMSE: 1.2074900403571793
Total Baseline RMSE: 1.3158372104134881
Total Model MAE: 0.9427969617042116
Total Baseline MAE: 1.0201744102459094
Model MAPE: 0.03546318856190706
Baseline MAPE: 0.038450266906324644
 ============
 Round: 1935
Total Model RMSE: 1.2071426862206358
Total Baseline RMSE: 1.3136208556894156
Total Model MAE: 0.9431868530423038
Total Baseline MAE: 1.0185694047904352
Model MAPE: 0.035468478712125495
Baseline MAPE: 0.03838416712378561
 ============
 Round: 1936
Total Model RMSE: 1.2056794335140395
Total Baseline RMSE: 1.3114018741797584
Total Model MAE: 0.942476669753319
Total Baseline MAE: 1.016905580824501
Model MAPE: 0.035434578113426214
Baseline MAPE: 0.03831607351143542
 ============
 Round: 1937
Total Model RMSE: 1.203946643713829
Total Baseline RMSE: 1.3092097605521322
Total Model MAE: 0.9415657808726865
Total Baseline MAE: 1.0152622372750282
Model MAPE: 0.03539398562624777
Baseline MAPE: 0.038249080985111254
 ============
 Round: 1938
Total Model RMSE: 1.2013873271468185
Total Baseline RMSE: 1.307146894058805
Total Model MAE: 0.9395243864438104
Total Baseline MAE: 1.0137839143748488
Model MAPE: 0.03531359391455529
Baseline MAPE: 0.038188900956110425
 ============
 Round: 1939
Total Model RMSE: 1.1986969459871772
Total Baseline RMSE: 1.3053311806359433
Total Model MAE: 0.9372298339990858
Total Baseline MAE: 1.0125109246503292
Model MAPE: 0.03522565884232387
Baseline MAPE: 0.03813780993091458
 ============
 Round: 1940
Total Model RMSE: 1.1960695123145673
Total Baseline RMSE: 1.3034719911172343
Total Model MAE: 0.9347146563265059
Total Baseline MAE: 1.0111504919074872
Model MAPE: 0.03513281780486664
Baseline MAPE: 0.038085633662540454
 ============
 Round: 1941
Total Model RMSE: 1.1932538219587199
Total Baseline RMSE: 1.301360106219174
Total Model MAE: 0.9319608140135088
Total Baseline MAE: 1.0094356468259345
Model MAPE: 0.035030882879595875
Baseline MAPE: 0.03802082741506036
 ============
 Round: 1942
Total Model RMSE: 1.1905531342430613
Total Baseline RMSE: 1.2990921761920056
Total Model MAE: 0.9294068235290722
Total Baseline MAE: 1.0074107197528757
Model MAPE: 0.034937465144280797
Baseline MAPE: 0.037944574293347764
 ============
 Round: 1943
Total Model RMSE: 1.1882555809624553
Total Baseline RMSE: 1.2964473762089057
Total Model MAE: 0.9275856368723467
Total Baseline MAE: 1.0050070166109926
Model MAPE: 0.03487201860476188
Baseline MAPE: 0.037855185826605756
 ============
 Round: 1944
Total Model RMSE: 1.185532685265123
Total Baseline RMSE: 1.2937219176400034
Total Model MAE: 0.9251050444876249
Total Baseline MAE: 1.0024353093328344
Model MAPE: 0.03478147408208216
Baseline MAPE: 0.03775987555339267
 ============
 Round: 1945
Total Model RMSE: 1.182721782553791
Total Baseline RMSE: 1.2909504084732506
Total Model MAE: 0.9224450970801593
Total Baseline MAE: 0.9997044463322126
Model MAPE: 0.034683432316030736
Baseline MAPE: 0.03765863428660196
 ============
 Round: 1946
Total Model RMSE: 1.1799061439641703
Total Baseline RMSE: 1.2881731836772352
Total Model MAE: 0.9198356513478838
Total Baseline MAE: 0.9968970894443437
Model MAPE: 0.03458749431510762
Baseline MAPE: 0.03755465576808881
 ============
 Round: 1947
Total Model RMSE: 1.1772547129501612
Total Baseline RMSE: 1.2854138917238458
Total Model MAE: 0.9173232693687164
Total Baseline MAE: 0.9940866251489251
Model MAPE: 0.03449644272262918
Baseline MAPE: 0.03745065357124554
 ============
 Round: 1948
Total Model RMSE: 1.1749590816507252
Total Baseline RMSE: 1.2826950408334588
Total Model MAE: 0.9153349573825368
Total Baseline MAE: 0.9913709508728387
Model MAPE: 0.03442465701366604
Baseline MAPE: 0.03735003253355492
 ============
 Round: 1949
Total Model RMSE: 1.1731107891434822
Total Baseline RMSE: 1.2801207639249843
Total Model MAE: 0.9140169789403048
Total Baseline MAE: 0.9889072990929572
Model MAPE: 0.03437693155709211
Baseline MAPE: 0.03725814026312435
 ============
 Round: 1950
Total Model RMSE: 1.171356029669514
Total Baseline RMSE: 1.2775714890201941
Total Model MAE: 0.9129098059684507
Total Baseline MAE: 0.9864920771598868
Model MAPE: 0.034335897992495416
Baseline MAPE: 0.03716745909918132
 ============
 Round: 1951
Total Model RMSE: 1.1695652884501526
Total Baseline RMSE: 1.274818531811744
Total Model MAE: 0.9116342511878391
Total Baseline MAE: 0.9838397532983123
Model MAPE: 0.03428711125573244
Baseline MAPE: 0.037067112928834724
 ============
 Round: 1952
Total Model RMSE: 1.1678175497093224
Total Baseline RMSE: 1.2716817020407414
Total Model MAE: 0.9102855448711988
Total Baseline MAE: 0.9807218558537389
Model MAPE: 0.034234542243641405
Baseline MAPE: 0.036948340897109855
 ============
 Round: 1953
Total Model RMSE: 1.166142417748353
Total Baseline RMSE: 1.2685724686397095
Total Model MAE: 0.9090189603418825
Total Baseline MAE: 0.9776240823575413
Model MAPE: 0.03418443905308738
Baseline MAPE: 0.03682993606299178
 ============
 Round: 1954
Total Model RMSE: 1.1645712054653907
Total Baseline RMSE: 1.2655789947517782
Total Model MAE: 0.9077966387333356
Total Baseline MAE: 0.9747543351474838
Model MAPE: 0.03413495402503228
Baseline MAPE: 0.036719857571401254
 ============
 Round: 1955
Total Model RMSE: 1.1632430396289934
Total Baseline RMSE: 1.2627445961769252
Total Model MAE: 0.9069336766648254
Total Baseline MAE: 0.9720784061616528
Model MAPE: 0.0340976535684338
Baseline MAPE: 0.03661601402676526
 ============
 Round: 1956
Total Model RMSE: 1.1623384823260077
Total Baseline RMSE: 1.2603213314491242
Total Model MAE: 0.9064805386375221
Total Baseline MAE: 0.9698900147055012
Model MAPE: 0.03407369820046641
Baseline MAPE: 0.03652928303136057
 ============
 Round: 1957
Total Model RMSE: 1.161732730612308
Total Baseline RMSE: 1.2582255732901255
Total Model MAE: 0.9064306767800995
Total Baseline MAE: 0.9682350348312702
Model MAPE: 0.03406429015505798
Baseline MAPE: 0.03646203002657477
 ============
 Round: 1958
Total Model RMSE: 1.161508522346276
Total Baseline RMSE: 1.2563772064411831
Total Model MAE: 0.907011738530863
Total Baseline MAE: 0.9670483964827559
Model MAPE: 0.03407771768736661
Baseline MAPE: 0.036411859949091935
 ============
 Round: 1959
Total Model RMSE: 1.1604992535485779
Total Baseline RMSE: 1.2546546970565868
Total Model MAE: 0.9067899624955975
Total Baseline MAE: 0.966112334331383
Model MAPE: 0.034061450135211564
Baseline MAPE: 0.036370589152395716
 ============
 Round: 1960
Total Model RMSE: 1.1589819240019985
Total Baseline RMSE: 1.2530118000012287
Total Model MAE: 0.9058195728399209
Total Baseline MAE: 0.9652906167566841
Model MAPE: 0.034017104291485634
Baseline MAPE: 0.03633319511048593
 ============
 Round: 1961
Total Model RMSE: 1.1572203285049165
Total Baseline RMSE: 1.251312451928226
Total Model MAE: 0.9041585475088635
Total Baseline MAE: 0.9643696885770464
Model MAPE: 0.03394723255158538
Baseline MAPE: 0.036292068519580445
 ============
 Round: 1962
Total Model RMSE: 1.1560111511471447
Total Baseline RMSE: 1.2497826316068734
Total Model MAE: 0.9030166657533469
Total Baseline MAE: 0.9637048849667115
Model MAPE: 0.03389491050908937
Baseline MAPE: 0.03625926962007505
 ============
 Round: 1963
Total Model RMSE: 1.155290687101063
Total Baseline RMSE: 1.2486571015528791
Total Model MAE: 0.9023757614257158
Total Baseline MAE: 0.9635428775171135
Model MAPE: 0.03385969219555365
Baseline MAPE: 0.03624340941568482
 ============
 Round: 1964
Total Model RMSE: 1.1553577477484533
Total Baseline RMSE: 1.2483287299113919
Total Model MAE: 0.9025281771293086
Total Baseline MAE: 0.9641793965847573
Model MAPE: 0.033851603868773776
Baseline MAPE: 0.03625500337699391
 ============
 Round: 1965
Total Model RMSE: 1.1554691171219793
Total Baseline RMSE: 1.248504452350489
Total Model MAE: 0.9027675391752452
Total Baseline MAE: 0.9653465972380265
Model MAPE: 0.03384612080868408
Baseline MAPE: 0.03628465689041756
 ============
 Round: 1966
Total Model RMSE: 1.156453065504473
Total Baseline RMSE: 1.2492698577372625
Total Model MAE: 0.9039366816149552
Total Baseline MAE: 0.9670311408177018
Model MAPE: 0.033872831253748174
Baseline MAPE: 0.036331350001440534
 ============
 Round: 1967
Total Model RMSE: 1.1578387914042527
Total Baseline RMSE: 1.250665775640972
Total Model MAE: 0.9053811574651398
Total Baseline MAE: 0.9691408266040914
Model MAPE: 0.03390773749762107
Baseline MAPE: 0.03639084575049301
 ============
Total Model RMSE: 1.1578387914042527
Total Baseline RMSE: 1.250665775640972
Total Model MAE: 0.9053811574651398
Total Baseline MAE: 0.9691408266040914
Model MAPE: 0.03390773749762107
Baseline MAPE: 0.03639084575049301