
 ============
 Round: 1801
Total Model RMSE: 0.9552654264669567
Total Baseline RMSE: 1.2685107822097297
Total Model MAE: 0.841948687650961
Total Baseline MAE: 1.1135655568440752
Model MAPE: 0.03169862296844665
Baseline MAPE: 0.04177008028624823
 ============
 Round: 1802
Total Model RMSE: 0.9795997114510188
Total Baseline RMSE: 1.2659134499467997
Total Model MAE: 0.8607121954369688
Total Baseline MAE: 1.116631005393134
Model MAPE: 0.03221451035969273
Baseline MAPE: 0.04180994901877036
 ============
 Round: 1803
Total Model RMSE: 1.0168471045512666
Total Baseline RMSE: 1.2695359126938321
Total Model MAE: 0.8829008179901024
Total Baseline MAE: 1.1233240795841923
Model MAPE: 0.03287741258131976
Baseline MAPE: 0.04192587601133989
 ============
 Round: 1804
Total Model RMSE: 1.0607975309055178
Total Baseline RMSE: 1.2662095909296909
Total Model MAE: 0.9100790874349884
Total Baseline MAE: 1.1226961162355213
Model MAPE: 0.033752496584902286
Baseline MAPE: 0.04176151293001413
 ============
 Round: 1805
Total Model RMSE: 1.1055195703810146
Total Baseline RMSE: 1.2654141899322715
Total Model MAE: 0.940739580099733
Total Baseline MAE: 1.1216200034247508
Model MAPE: 0.034768165669689904
Baseline MAPE: 0.04162458224913229
 ============
 Round: 1806
Total Model RMSE: 1.138005667042122
Total Baseline RMSE: 1.2742289745391708
Total Model MAE: 0.9675675713058398
Total Baseline MAE: 1.1283360765951658
Model MAPE: 0.03566916408280845
Baseline MAPE: 0.0418495251334857
 ============
 Round: 1807
Total Model RMSE: 1.1521784180403458
Total Baseline RMSE: 1.2852182177736253
Total Model MAE: 0.9833821124645793
Total Baseline MAE: 1.137227874150352
Model MAPE: 0.036209865309671324
Baseline MAPE: 0.042206270726840224
 ============
 Round: 1808
Total Model RMSE: 1.1541235294113585
Total Baseline RMSE: 1.2879260111291768
Total Model MAE: 0.9887608722136476
Total Baseline MAE: 1.1380978344811334
Model MAPE: 0.03642749752243233
Baseline MAPE: 0.04227592887664813
 ============
 Round: 1809
Total Model RMSE: 1.1480746991993689
Total Baseline RMSE: 1.2793919687008493
Total Model MAE: 0.9832380390729767
Total Baseline MAE: 1.126609483177279
Model MAPE: 0.03630264563623853
Baseline MAPE: 0.04188989059692771
 ============
 Round: 1810
Total Model RMSE: 1.1414531250169866
Total Baseline RMSE: 1.2685895527610316
Total Model MAE: 0.9739790093931865
Total Baseline MAE: 1.1102526021321613
Model MAPE: 0.036057556314158794
Baseline MAPE: 0.04131692928202682
 ============
 Round: 1811
Total Model RMSE: 1.1352971827485667
Total Baseline RMSE: 1.2639023477710416
Total Model MAE: 0.9636456631785331
Total Baseline MAE: 1.0989887093052717
Model MAPE: 0.03575736384565637
Baseline MAPE: 0.040913672786391894
 ============
 Round: 1812
Total Model RMSE: 1.1243023609751126
Total Baseline RMSE: 1.2688753504772792
Total Model MAE: 0.9516894356084038
Total Baseline MAE: 1.0962760953549984
Model MAPE: 0.035353770751759134
Baseline MAPE: 0.04080804048680844
 ============
 Round: 1813
Total Model RMSE: 1.1107962529326962
Total Baseline RMSE: 1.2763109145676106
Total Model MAE: 0.9396194107560815
Total Baseline MAE: 1.0975979858137601
Model MAPE: 0.03490506867443893
Baseline MAPE: 0.04084011690203652
 ============
 Round: 1814
Total Model RMSE: 1.102350230747833
Total Baseline RMSE: 1.2851070258436248
Total Model MAE: 0.9323613597865434
Total Baseline MAE: 1.1018550194634327
Model MAPE: 0.03460111336693228
Baseline MAPE: 0.040965239855049865
 ============
 Round: 1815
Total Model RMSE: 1.1055573844965063
Total Baseline RMSE: 1.297325773422918
Total Model MAE: 0.9334721440146511
Total Baseline MAE: 1.1107760781182179
Model MAPE: 0.034580574255257054
Baseline MAPE: 0.04122937459171785
 ============
 Round: 1816
Total Model RMSE: 1.1253620101413768
Total Baseline RMSE: 1.3089819667995868
Total Model MAE: 0.949658198046976
Total Baseline MAE: 1.1211601296795732
Model MAPE: 0.0351013517091868
Baseline MAPE: 0.041522629501810376
 ============
 Round: 1817
Total Model RMSE: 1.1636935921550438
Total Baseline RMSE: 1.3232718430649726
Total Model MAE: 0.9827001775311075
Total Baseline MAE: 1.1348356523950107
Model MAPE: 0.03622199066158162
Baseline MAPE: 0.04192453418854906
 ============
 Round: 1818
Total Model RMSE: 1.2022507022332956
Total Baseline RMSE: 1.3376464023919192
Total Model MAE: 1.0191633303207632
Total Baseline MAE: 1.1493834131028908
Model MAPE: 0.03746277286807687
Baseline MAPE: 0.04235970721128695
 ============
 Round: 1819
Total Model RMSE: 1.2258545945773676
Total Baseline RMSE: 1.3498106115492805
Total Model MAE: 1.0457146240453963
Total Baseline MAE: 1.1625702630874002
Model MAPE: 0.03834801221088921
Baseline MAPE: 0.04275763123527995
 ============
 Round: 1820
Total Model RMSE: 1.2315028434095112
Total Baseline RMSE: 1.3574715041998482
Total Model MAE: 1.0556710889301195
Total Baseline MAE: 1.1718697836981873
Model MAPE: 0.038638219073322023
Baseline MAPE: 0.04302878957811175
 ============
 Round: 1821
Total Model RMSE: 1.2216826220715564
Total Baseline RMSE: 1.3578597581714975
Total Model MAE: 1.0457937634936854
Total Baseline MAE: 1.174555445232088
Model MAPE: 0.03821915991852966
Baseline MAPE: 0.04307149876115761
 ============
 Round: 1822
Total Model RMSE: 1.204782955765472
Total Baseline RMSE: 1.354472529284675
Total Model MAE: 1.0256053754954364
Total Baseline MAE: 1.172449046491372
Model MAPE: 0.03744390354862006
Baseline MAPE: 0.04294590081164863
 ============
 Round: 1823
Total Model RMSE: 1.1866511376772606
Total Baseline RMSE: 1.3484738171315092
Total Model MAE: 1.0046475590380424
Total Baseline MAE: 1.166622025383843
Model MAPE: 0.03665872788766535
Baseline MAPE: 0.04269074743211441
 ============
 Round: 1824
Total Model RMSE: 1.1689953690008659
Total Baseline RMSE: 1.337694686024324
Total Model MAE: 0.9849225064898824
Total Baseline MAE: 1.1556482001587194
Model MAPE: 0.03592789114537939
Baseline MAPE: 0.04225732716565412
 ============
 Round: 1825
Total Model RMSE: 1.1522305133552213
Total Baseline RMSE: 1.3247426722033733
Total Model MAE: 0.9669550499359032
Total Baseline MAE: 1.141907693956163
Model MAPE: 0.03526641147202
Baseline MAPE: 0.04173194195771487
 ============
 Round: 1826
Total Model RMSE: 1.139363988242851
Total Baseline RMSE: 1.3120765943368482
Total Model MAE: 0.9537350080435469
Total Baseline MAE: 1.1288314573336864
Model MAPE: 0.034785204628707087
Baseline MAPE: 0.041247131052204025
 ============
 Round: 1827
Total Model RMSE: 1.130771374291231
Total Baseline RMSE: 1.300382158204793
Total Model MAE: 0.9465872412482236
Total Baseline MAE: 1.1173027939031144
Model MAPE: 0.034525212578119975
Baseline MAPE: 0.0408286591184074
 ============
 Round: 1828
Total Model RMSE: 1.1248151303424097
Total Baseline RMSE: 1.288919487772207
Total Model MAE: 0.9422966888216425
Total Baseline MAE: 1.1054884876069557
Model MAPE: 0.0343685787744745
Baseline MAPE: 0.04039975731440536
 ============
 Round: 1829
Total Model RMSE: 1.1196606864725533
Total Baseline RMSE: 1.2773131208904438
Total Model MAE: 0.9390252860648298
Total Baseline MAE: 1.0928424779957726
Model MAPE: 0.034252285678100965
Baseline MAPE: 0.03994102595961145
 ============
 Round: 1830
Total Model RMSE: 1.1126034684918018
Total Baseline RMSE: 1.2667432105291068
Total Model MAE: 0.9335634963916383
Total Baseline MAE: 1.0815932020823147
Model MAPE: 0.03405961535393845
Baseline MAPE: 0.03953777279432132
 ============
 Round: 1831
Total Model RMSE: 1.1038844752488524
Total Baseline RMSE: 1.257511569323256
Total Model MAE: 0.9260360651567433
Total Baseline MAE: 1.0723015715486246
Model MAPE: 0.03379676796617716
Baseline MAPE: 0.039210865437615865
 ============
 Round: 1832
Total Model RMSE: 1.0954521431353057
Total Baseline RMSE: 1.2485280312631484
Total Model MAE: 0.9187490959797509
Total Baseline MAE: 1.063432563847964
Model MAPE: 0.03354774227306438
Baseline MAPE: 0.038900124820248315
 ============
 Round: 1833
Total Model RMSE: 1.0879632426911239
Total Baseline RMSE: 1.240206479751862
Total Model MAE: 0.912671754896876
Total Baseline MAE: 1.0553887218128535
Model MAPE: 0.033345925405700846
Baseline MAPE: 0.038620582065900355
 ============
 Round: 1834
Total Model RMSE: 1.0791705737921637
Total Baseline RMSE: 1.2320098768320875
Total Model MAE: 0.9047872976927638
Total Baseline MAE: 1.0474745700811234
Model MAPE: 0.033074147572879464
Baseline MAPE: 0.03834546871528651
 ============
 Round: 1835
Total Model RMSE: 1.0696662554428158
Total Baseline RMSE: 1.223452605718653
Total Model MAE: 0.8956508809885662
Total Baseline MAE: 1.0391159570482027
Model MAPE: 0.03275074781252342
Baseline MAPE: 0.038048550326993225
 ============
 Round: 1836
Total Model RMSE: 1.0598789587514617
Total Baseline RMSE: 1.2149041942601944
Total Model MAE: 0.885880413894959
Total Baseline MAE: 1.0307100263171713
Model MAPE: 0.03239932571767207
Baseline MAPE: 0.03774603786328562
 ============
 Round: 1837
Total Model RMSE: 1.0508923109986916
Total Baseline RMSE: 1.2068620509693082
Total Model MAE: 0.8772339501696242
Total Baseline MAE: 1.0232314849257815
Model MAPE: 0.03208395916240565
Baseline MAPE: 0.03747533274264409
 ============
 Round: 1838
Total Model RMSE: 1.0434168587971282
Total Baseline RMSE: 1.1993815113328012
Total Model MAE: 0.8703498305572894
Total Baseline MAE: 1.0165623870760367
Model MAPE: 0.031829854375613684
Baseline MAPE: 0.03723167182945899
 ============
 Round: 1839
Total Model RMSE: 1.0368122104223987
Total Baseline RMSE: 1.1921940709014345
Total Model MAE: 0.8643411397152245
Total Baseline MAE: 1.0101874310311423
Model MAPE: 0.031606573627609054
Baseline MAPE: 0.03699483207801379
 ============
 Round: 1840
Total Model RMSE: 1.030749127609072
Total Baseline RMSE: 1.185073267643063
Total Model MAE: 0.8587654960888971
Total Baseline MAE: 1.0036869337611722
Model MAPE: 0.03139683964209463
Baseline MAPE: 0.03674836702535828
 ============
 Round: 1841
Total Model RMSE: 1.0255028401460884
Total Baseline RMSE: 1.1787068556971492
Total Model MAE: 0.8542817557192426
Total Baseline MAE: 0.9978930893461228
Model MAPE: 0.031224256934532978
Baseline MAPE: 0.03652529893245739
 ============
 Round: 1842
Total Model RMSE: 1.021197806726644
Total Baseline RMSE: 1.1727226058787896
Total Model MAE: 0.8511047449648615
Total Baseline MAE: 0.9925083433585188
Model MAPE: 0.031096688592057126
Baseline MAPE: 0.036316309453436564
 ============
 Round: 1843
Total Model RMSE: 1.0167519442724644
Total Baseline RMSE: 1.167725640157249
Total Model MAE: 0.847616120163656
Total Baseline MAE: 0.9881471980683867
Model MAPE: 0.030957460599855876
Baseline MAPE: 0.036149358031467176
 ============
 Round: 1844
Total Model RMSE: 1.012326032298234
Total Baseline RMSE: 1.163007024441928
Total Model MAE: 0.8436074848887186
Total Baseline MAE: 0.9841286200224747
Model MAPE: 0.03080211529778629
Baseline MAPE: 0.03600024369040392
 ============
 Round: 1845
Total Model RMSE: 1.0076698753046633
Total Baseline RMSE: 1.1579108221499785
Total Model MAE: 0.8393296587188046
Total Baseline MAE: 0.9794056180977523
Model MAPE: 0.030643496159145838
Baseline MAPE: 0.035825974625174305
 ============
 Round: 1846
Total Model RMSE: 1.0028131084517211
Total Baseline RMSE: 1.153463722285624
Total Model MAE: 0.8347404085860104
Total Baseline MAE: 0.9752353845955665
Model MAPE: 0.03047900703830296
Baseline MAPE: 0.03567190256962976
 ============
 Round: 1847
Total Model RMSE: 0.9975574606032104
Total Baseline RMSE: 1.150175770259058
Total Model MAE: 0.829843424002713
Total Baseline MAE: 0.9721101968823872
Model MAPE: 0.030304185716890995
Baseline MAPE: 0.03555512622519478
 ============
 Round: 1848
Total Model RMSE: 0.9916062507082525
Total Baseline RMSE: 1.147398842012701
Total Model MAE: 0.8239566862216255
Total Baseline MAE: 0.969213294965249
Model MAPE: 0.030092436615057745
Baseline MAPE: 0.03544702453831336
 ============
 Round: 1849
Total Model RMSE: 0.9860946331461675
Total Baseline RMSE: 1.1440674859863171
Total Model MAE: 0.8184051099025669
Total Baseline MAE: 0.9655266883400286
Model MAPE: 0.02989200107471023
Baseline MAPE: 0.03531153767604864
 ============
 Round: 1850
Total Model RMSE: 0.9828486228546339
Total Baseline RMSE: 1.140741074821785
Total Model MAE: 0.8153509084683962
Total Baseline MAE: 0.9620078837754986
Model MAPE: 0.029783433517711372
Baseline MAPE: 0.035186059365330896
 ============
 Round: 1851
Total Model RMSE: 0.9809525167926517
Total Baseline RMSE: 1.1372762447068134
Total Model MAE: 0.8140326803636634
Total Baseline MAE: 0.958361542072171
Model MAPE: 0.029738051555130682
Baseline MAPE: 0.03505816673776858
 ============
 Round: 1852
Total Model RMSE: 0.9790835577379726
Total Baseline RMSE: 1.1328876783026958
Total Model MAE: 0.8127952410719752
Total Baseline MAE: 0.9535293372472122
Model MAPE: 0.02969501661648459
Baseline MAPE: 0.03488485139568734
 ============
 Round: 1853
Total Model RMSE: 0.9775559340425655
Total Baseline RMSE: 1.1276597778276256
Total Model MAE: 0.8117578067182635
Total Baseline MAE: 0.9475418822890302
Model MAPE: 0.029662544846720564
Baseline MAPE: 0.03466967687659711
 ============
 Round: 1854
Total Model RMSE: 0.9772855704652265
Total Baseline RMSE: 1.1254503628540453
Total Model MAE: 0.8115736912711125
Total Baseline MAE: 0.9442068680735767
Model MAPE: 0.029668028376179222
Baseline MAPE: 0.03456249558920438
 ============
 Round: 1855
Total Model RMSE: 0.9779635504125993
Total Baseline RMSE: 1.1288098794042816
Total Model MAE: 0.8116684766514545
Total Baseline MAE: 0.9447769857464406
Model MAPE: 0.0296934859998579
Baseline MAPE: 0.034614520854724926
 ============
 Round: 1856
Total Model RMSE: 0.9801121811067883
Total Baseline RMSE: 1.1356873457936063
Total Model MAE: 0.8127714686473605
Total Baseline MAE: 0.948114599144647
Model MAPE: 0.029766443587464855
Baseline MAPE: 0.034777854749701465
 ============
 Round: 1857
Total Model RMSE: 0.9861321665528309
Total Baseline RMSE: 1.14352390305279
Total Model MAE: 0.816951582298632
Total Baseline MAE: 0.952673430712366
Model MAPE: 0.02996147761774791
Baseline MAPE: 0.0349888797279674
 ============
 Round: 1858
Total Model RMSE: 0.9967724026172862
Total Baseline RMSE: 1.1513283244689045
Total Model MAE: 0.824514467259973
Total Baseline MAE: 0.9574796206302557
Model MAPE: 0.03028571327697814
Baseline MAPE: 0.03520767436896138
 ============
 Round: 1859
Total Model RMSE: 1.0088140472377025
Total Baseline RMSE: 1.1598306229222088
Total Model MAE: 0.8322032376850759
Total Baseline MAE: 0.9628796307838555
Model MAPE: 0.030612937509045958
Baseline MAPE: 0.03544423232288834
 ============
 Round: 1860
Total Model RMSE: 1.0183139879801781
Total Baseline RMSE: 1.1686918488929599
Total Model MAE: 0.8377323324646757
Total Baseline MAE: 0.9687874480070876
Model MAPE: 0.0308546609183218
Baseline MAPE: 0.035696396955126386
 ============
 Round: 1861
Total Model RMSE: 1.0241324085139198
Total Baseline RMSE: 1.1774930451953844
Total Model MAE: 0.8411717212922701
Total Baseline MAE: 0.9751282657213316
Model MAPE: 0.031011440917423413
Baseline MAPE: 0.03596298534865514
 ============
 Round: 1862
Total Model RMSE: 1.0272568332682168
Total Baseline RMSE: 1.186357925956834
Total Model MAE: 0.842794584901697
Total Baseline MAE: 0.9820734835935732
Model MAPE: 0.03109221279919508
Baseline MAPE: 0.03624827764443736
 ============
 Round: 1863
Total Model RMSE: 1.027860149895519
Total Baseline RMSE: 1.194505187823425
Total Model MAE: 0.8428799599991258
Total Baseline MAE: 0.9886978091756273
Model MAPE: 0.031105423131249664
Baseline MAPE: 0.036511332991332086
 ============
 Round: 1864
Total Model RMSE: 1.0276288693048972
Total Baseline RMSE: 1.201078677746422
Total Model MAE: 0.8431285520667974
Total Baseline MAE: 0.9943900897900243
Model MAPE: 0.031114510939982545
Baseline MAPE: 0.0367236055104124
 ============
 Round: 1865
Total Model RMSE: 1.031075350946649
Total Baseline RMSE: 1.2066269240518812
Total Model MAE: 0.8470102838489357
Total Baseline MAE: 0.9991411891382962
Model MAPE: 0.03125132028765275
Baseline MAPE: 0.03688923235210766
 ============
 Round: 1866
Total Model RMSE: 1.040723421746541
Total Baseline RMSE: 1.2115739345730654
Total Model MAE: 0.8561820296464978
Total Baseline MAE: 1.0032182046203078
Model MAPE: 0.03157726331359059
Baseline MAPE: 0.03702515591400944
 ============
 Round: 1867
Total Model RMSE: 1.0510649057744323
Total Baseline RMSE: 1.2163526633153732
Total Model MAE: 0.8658774009023851
Total Baseline MAE: 1.0072309874223018
Model MAPE: 0.0319200833029856
Baseline MAPE: 0.037159875922729464
 ============
 Round: 1868
Total Model RMSE: 1.0580779492539945
Total Baseline RMSE: 1.2204951275088818
Total Model MAE: 0.8725689357437004
Total Baseline MAE: 1.0108835543339523
Model MAPE: 0.0321527747537996
Baseline MAPE: 0.03728442376739266
 ============
 Round: 1869
Total Model RMSE: 1.0596243105406098
Total Baseline RMSE: 1.2239921512094576
Total Model MAE: 0.8736277163132729
Total Baseline MAE: 1.013979106485361
Model MAPE: 0.03217888320725771
Baseline MAPE: 0.03738981962323974
 ============
 Round: 1870
Total Model RMSE: 1.0581184222420204
Total Baseline RMSE: 1.2273473958832524
Total Model MAE: 0.871584593592816
Total Baseline MAE: 1.0168824366796554
Model MAPE: 0.032092886079956785
Baseline MAPE: 0.03748762971884008
 ============
 Round: 1871
Total Model RMSE: 1.0547910591067322
Total Baseline RMSE: 1.2302437735437093
Total Model MAE: 0.8680558320865707
Total Baseline MAE: 1.019105406980556
Model MAPE: 0.03195630308457341
Baseline MAPE: 0.03756005192498053
 ============
 Round: 1872
Total Model RMSE: 1.0502754043357734
Total Baseline RMSE: 1.231332202929368
Total Model MAE: 0.8632506103840248
Total Baseline MAE: 1.0193173565216975
Model MAPE: 0.031775713896508156
Baseline MAPE: 0.03755914367001068
 ============
 Round: 1873
Total Model RMSE: 1.0453722468633213
Total Baseline RMSE: 1.2295556460869599
Total Model MAE: 0.8579833563284645
Total Baseline MAE: 1.017228753477468
Model MAPE: 0.0315813057890696
Baseline MAPE: 0.03747697717866935
 ============
 Round: 1874
Total Model RMSE: 1.0414370116326446
Total Baseline RMSE: 1.226409997979978
Total Model MAE: 0.8539668867015981
Total Baseline MAE: 1.0145071457814137
Model MAPE: 0.031437476485086255
Baseline MAPE: 0.037378872133619165
 ============
 Round: 1875
Total Model RMSE: 1.0399314306465157
Total Baseline RMSE: 1.2243295647406032
Total Model MAE: 0.8527349155591779
Total Baseline MAE: 1.0127667216265612
Model MAPE: 0.031401400417345605
Baseline MAPE: 0.03732594094800354
 ============
 Round: 1876
Total Model RMSE: 1.042473338806534
Total Baseline RMSE: 1.2241082434657606
Total Model MAE: 0.854609141513546
Total Baseline MAE: 1.0126566507941768
Model MAPE: 0.03148946885707232
Baseline MAPE: 0.0373418482100276
 ============
 Round: 1877
Total Model RMSE: 1.0500761826730516
Total Baseline RMSE: 1.2256596360332421
Total Model MAE: 0.8592574629702493
Total Baseline MAE: 1.013825398718981
Model MAPE: 0.03169514703021188
Baseline MAPE: 0.037415439052629035
 ============
 Round: 1878
Total Model RMSE: 1.0604910711339417
Total Baseline RMSE: 1.2299608127410486
Total Model MAE: 0.8655717979485619
Total Baseline MAE: 1.0170072442350875
Model MAPE: 0.031976101014550375
Baseline MAPE: 0.0375759516635088
 ============
 Round: 1879
Total Model RMSE: 1.0725611758252345
Total Baseline RMSE: 1.2394851820001118
Total Model MAE: 0.8728817996945658
Total Baseline MAE: 1.023548691364613
Model MAPE: 0.0323068469024549
Baseline MAPE: 0.03787867498558017
 ============
 Round: 1880
Total Model RMSE: 1.08626607425785
Total Baseline RMSE: 1.2527314042415647
Total Model MAE: 0.8815958858754874
Total Baseline MAE: 1.0329082773049647
Model MAPE: 0.032698839003552374
Baseline MAPE: 0.03829752921419726
 ============
 Round: 1881
Total Model RMSE: 1.1026622512363413
Total Baseline RMSE: 1.26703839505571
Total Model MAE: 0.8925823803915873
Total Baseline MAE: 1.0436605427431938
Model MAPE: 0.033180618395040544
Baseline MAPE: 0.038770248766270964
 ============
 Round: 1882
Total Model RMSE: 1.1198266316687053
Total Baseline RMSE: 1.281161236466892
Total Model MAE: 0.9042314883261511
Total Baseline MAE: 1.054501403260681
Model MAPE: 0.03368628989224704
Baseline MAPE: 0.03924495101699291
 ============
 Round: 1883
Total Model RMSE: 1.136026868851029
Total Baseline RMSE: 1.2945091114420009
Total Model MAE: 0.9150819435030018
Total Baseline MAE: 1.0644836057027158
Model MAPE: 0.03415761535615152
Baseline MAPE: 0.039683879883722975
 ============
 Round: 1884
Total Model RMSE: 1.1488638944230622
Total Baseline RMSE: 1.3067680315808923
Total Model MAE: 0.9235847410081182
Total Baseline MAE: 1.0735277001819892
Model MAPE: 0.03453189297743342
Baseline MAPE: 0.04008122161598062
 ============
 Round: 1885
Total Model RMSE: 1.1569776919924717
Total Baseline RMSE: 1.3187565897897577
Total Model MAE: 0.9289679288199423
Total Baseline MAE: 1.0824649244570246
Model MAPE: 0.034776652332574196
Baseline MAPE: 0.04046560826067702
 ============
 Round: 1886
Total Model RMSE: 1.1607156076576035
Total Baseline RMSE: 1.3307941961795018
Total Model MAE: 0.9316932567959108
Total Baseline MAE: 1.0914522158206261
Model MAPE: 0.03490715133124909
Baseline MAPE: 0.040841022699786476
 ============
 Round: 1887
Total Model RMSE: 1.162485198987467
Total Baseline RMSE: 1.3414058603551366
Total Model MAE: 0.9335027377810331
Total Baseline MAE: 1.0996525631267584
Model MAPE: 0.03499066316450235
Baseline MAPE: 0.041176608043756883
 ============
 Round: 1888
Total Model RMSE: 1.1652815518203548
Total Baseline RMSE: 1.3487896603623128
Total Model MAE: 0.9362603132082983
Total Baseline MAE: 1.1061741980157702
Model MAPE: 0.035100435624096905
Baseline MAPE: 0.041435173525908316
 ============
 Round: 1889
Total Model RMSE: 1.1709996948454267
Total Baseline RMSE: 1.3535007880234375
Total Model MAE: 0.9412072172731846
Total Baseline MAE: 1.1109288499191594
Model MAPE: 0.035289493121086944
Baseline MAPE: 0.041617871008014104
 ============
 Round: 1890
Total Model RMSE: 1.179292893377675
Total Baseline RMSE: 1.3570505020879091
Total Model MAE: 0.948054531735257
Total Baseline MAE: 1.1144754257107947
Model MAPE: 0.035549424600486
Baseline MAPE: 0.04175501918463845
 ============
 Round: 1891
Total Model RMSE: 1.186793756265575
Total Baseline RMSE: 1.360865532048569
Total Model MAE: 0.9547105233788933
Total Baseline MAE: 1.1183517251346564
Model MAPE: 0.035801871899543286
Baseline MAPE: 0.04190800557686513
 ============
 Round: 1892
Total Model RMSE: 1.1898693767335082
Total Baseline RMSE: 1.3646172053641175
Total Model MAE: 0.9578439055625255
Total Baseline MAE: 1.1224689165981485
Model MAPE: 0.035920494104218596
Baseline MAPE: 0.04207221834183033
 ============
 Round: 1893
Total Model RMSE: 1.1890091664734908
Total Baseline RMSE: 1.3674039843203443
Total Model MAE: 0.9574099707850123
Total Baseline MAE: 1.1256260442790724
Model MAPE: 0.03590503756996511
Baseline MAPE: 0.04220081808432884
 ============
 Round: 1894
Total Model RMSE: 1.186667874540085
Total Baseline RMSE: 1.3686195796708132
Total Model MAE: 0.9557597158769355
Total Baseline MAE: 1.127132464677165
Model MAPE: 0.03584553275882696
Baseline MAPE: 0.04226722469766997
 ============
 Round: 1895
Total Model RMSE: 1.1847082098917543
Total Baseline RMSE: 1.3682028693630433
Total Model MAE: 0.9543916551183901
Total Baseline MAE: 1.127419070430108
Model MAPE: 0.03579713730119822
Baseline MAPE: 0.04228555547947731
 ============
 Round: 1896
Total Model RMSE: 1.1835377319766323
Total Baseline RMSE: 1.3676944839382152
Total Model MAE: 0.9540787287729416
Total Baseline MAE: 1.127644867199438
Model MAPE: 0.03578801866967435
Baseline MAPE: 0.042296648843925554
 ============
 Round: 1897
Total Model RMSE: 1.1827107210994223
Total Baseline RMSE: 1.3666698207561319
Total Model MAE: 0.9542400866242438
Total Baseline MAE: 1.1274662717489299
Model MAPE: 0.03579571172060762
Baseline MAPE: 0.04228877357214512
 ============
 Round: 1898
Total Model RMSE: 1.182131468693505
Total Baseline RMSE: 1.3653252676129664
Total Model MAE: 0.954847793142827
Total Baseline MAE: 1.1270404140273453
Model MAPE: 0.03581705671893933
Baseline MAPE: 0.04226939525708642
 ============
 Round: 1899
Total Model RMSE: 1.1814711539253335
Total Baseline RMSE: 1.3654319829223702
Total Model MAE: 0.9552808875864404
Total Baseline MAE: 1.1280777880693251
Model MAPE: 0.035825849371234744
Baseline MAPE: 0.04230017444135295
 ============
 Round: 1900
Total Model RMSE: 1.181466457279458
Total Baseline RMSE: 1.36702663489701
Total Model MAE: 0.9561877769075751
Total Baseline MAE: 1.1301955412673943
Model MAPE: 0.035845705592101124
Baseline MAPE: 0.04236390795827446
 ============
 Round: 1901
Total Model RMSE: 1.18604176763619
Total Baseline RMSE: 1.3709040064657576
Total Model MAE: 0.9609276212999592
Total Baseline MAE: 1.1336624896486984
Model MAPE: 0.035999957069249904
Baseline MAPE: 0.04246914544140209
 ============
 Round: 1902
Total Model RMSE: 1.1962362042875443
Total Baseline RMSE: 1.37611320311748
Total Model MAE: 0.9698585917946773
Total Baseline MAE: 1.138352321450226
Model MAPE: 0.03630204452643585
Baseline MAPE: 0.042615130804729826
 ============
 Round: 1903
Total Model RMSE: 1.2092131024261308
Total Baseline RMSE: 1.3815485850514575
Total Model MAE: 0.9804134716824349
Total Baseline MAE: 1.1434113561595256
Model MAPE: 0.036659478585647144
Baseline MAPE: 0.0427735859949565
 ============
 Round: 1904
Total Model RMSE: 1.2202718587780863
Total Baseline RMSE: 1.386421636026989
Total Model MAE: 0.989597587379602
Total Baseline MAE: 1.1476367683532893
Model MAPE: 0.03696657855062026
Baseline MAPE: 0.042902573606626346
 ============
 Round: 1905
Total Model RMSE: 1.2267308930393843
Total Baseline RMSE: 1.3900998391537582
Total Model MAE: 0.995418606781161
Total Baseline MAE: 1.1503997283289653
Model MAPE: 0.0371523040828143
Baseline MAPE: 0.042979792832369565
 ============
 Round: 1906
Total Model RMSE: 1.2285062800206974
Total Baseline RMSE: 1.3929605044794489
Total Model MAE: 0.9974748428663673
Total Baseline MAE: 1.1521257729560306
Model MAPE: 0.03720382112328103
Baseline MAPE: 0.043019834024043545
 ============
 Round: 1907
Total Model RMSE: 1.2267103561558224
Total Baseline RMSE: 1.3953272383321698
Total Model MAE: 0.9958856142801398
Total Baseline MAE: 1.1531053328548742
Model MAPE: 0.03712724670821842
Baseline MAPE: 0.04303326560510719
 ============
 Round: 1908
Total Model RMSE: 1.223594997132809
Total Baseline RMSE: 1.3962513768024258
Total Model MAE: 0.9926521060921204
Total Baseline MAE: 1.1525941971398164
Model MAPE: 0.036995265605877944
Baseline MAPE: 0.04299356843429485
 ============
 Round: 1909
Total Model RMSE: 1.2211206062121858
Total Baseline RMSE: 1.3960564500414037
Total Model MAE: 0.9901577500897962
Total Baseline MAE: 1.1513408661899682
Model MAPE: 0.03689590134058534
Baseline MAPE: 0.04293170449310232
 ============
 Round: 1910
Total Model RMSE: 1.2201975690728522
Total Baseline RMSE: 1.3961819698446283
Total Model MAE: 0.9889992920408752
Total Baseline MAE: 1.1503914139526035
Model MAPE: 0.036854030090888314
Baseline MAPE: 0.042893453526016465
 ============
 Round: 1911
Total Model RMSE: 1.2216957804441713
Total Baseline RMSE: 1.3984418075144502
Total Model MAE: 0.9897342675937152
Total Baseline MAE: 1.1507932991547125
Model MAPE: 0.03689029937231389
Baseline MAPE: 0.042918009272076174
 ============
 Round: 1912
Total Model RMSE: 1.2274625191945523
Total Baseline RMSE: 1.403819306451829
Total Model MAE: 0.9934889306887489
Total Baseline MAE: 1.1533769244580017
Model MAPE: 0.03704822578812367
Baseline MAPE: 0.04303509126471728
 ============
 Round: 1913
Total Model RMSE: 1.2378012413803383
Total Baseline RMSE: 1.4124223307424415
Total Model MAE: 1.0003547967212714
Total Baseline MAE: 1.158539466940428
Model MAPE: 0.037331554681189594
Baseline MAPE: 0.04325814075915205
 ============
 Round: 1914
Total Model RMSE: 1.25309016496681
Total Baseline RMSE: 1.4254944458789764
Total Model MAE: 1.0101415379991447
Total Baseline MAE: 1.1667878653580193
Model MAPE: 0.03773719220088385
Baseline MAPE: 0.04360972830201967
 ============
 Round: 1915
Total Model RMSE: 1.2727885418823321
Total Baseline RMSE: 1.4427420296369038
Total Model MAE: 1.022578231718502
Total Baseline MAE: 1.1778870123784875
Model MAPE: 0.038254956436609346
Baseline MAPE: 0.044080410308900926
 ============
 Round: 1916
Total Model RMSE: 1.2956742423022676
Total Baseline RMSE: 1.4609714422752187
Total Model MAE: 1.0373509738774271
Total Baseline MAE: 1.1903679173860489
Model MAPE: 0.038867248403306846
Baseline MAPE: 0.0446059935918188
 ============
 Round: 1917
Total Model RMSE: 1.3198741378497734
Total Baseline RMSE: 1.4789898270493549
Total Model MAE: 1.0531894789991496
Total Baseline MAE: 1.2030642105493767
Model MAPE: 0.039522744559036906
Baseline MAPE: 0.045139460492695405
 ============
 Round: 1918
Total Model RMSE: 1.3395467128427696
Total Baseline RMSE: 1.496280389480155
Total Model MAE: 1.0667349619952005
Total Baseline MAE: 1.2152030542449066
Model MAPE: 0.04008572753238264
Baseline MAPE: 0.045649434987032764
 ============
 Round: 1919
Total Model RMSE: 1.3522973010703228
Total Baseline RMSE: 1.5117453897891577
Total Model MAE: 1.0760035192973971
Total Baseline MAE: 1.2262240257548107
Model MAPE: 0.040477047601088174
Baseline MAPE: 0.0461107440207765
 ============
 Round: 1920
Total Model RMSE: 1.3581951476209349
Total Baseline RMSE: 1.5254186681098565
Total Model MAE: 1.0805528957431023
Total Baseline MAE: 1.2362531606638854
Model MAPE: 0.04067866955267182
Baseline MAPE: 0.04652567368604134
 ============
 Round: 1921
Total Model RMSE: 1.3597389014255552
Total Baseline RMSE: 1.5370102764015983
Total Model MAE: 1.0821288741720814
Total Baseline MAE: 1.2451094540227303
Model MAPE: 0.04075679828622785
Baseline MAPE: 0.04688748002579516
 ============
 Round: 1922
Total Model RMSE: 1.3597913281092084
Total Baseline RMSE: 1.5459605556127096
Total Model MAE: 1.0827863958676212
Total Baseline MAE: 1.2522032981240228
Model MAPE: 0.04079065526783074
Baseline MAPE: 0.047175254690562975
 ============
 Round: 1923
Total Model RMSE: 1.3599708129785388
Total Baseline RMSE: 1.551200082287562
Total Model MAE: 1.0833217399699708
Total Baseline MAE: 1.25702962531802
Model MAPE: 0.04081144515013418
Baseline MAPE: 0.04736717896918649
 ============
 Round: 1924
Total Model RMSE: 1.361157501137394
Total Baseline RMSE: 1.5528143961379781
Total Model MAE: 1.0844288330513343
Total Baseline MAE: 1.2595258056305618
Model MAPE: 0.040850144490215165
Baseline MAPE: 0.047461321126268656
 ============
 Round: 1925
Total Model RMSE: 1.3639771835364238
Total Baseline RMSE: 1.5531845100427994
Total Model MAE: 1.0870712375879688
Total Baseline MAE: 1.2606770479634577
Model MAPE: 0.04094666427606343
Baseline MAPE: 0.0475031141458904
 ============
 Round: 1926
Total Model RMSE: 1.367302680104768
Total Baseline RMSE: 1.5533963250913974
Total Model MAE: 1.0904133725831215
Total Baseline MAE: 1.261543362225592
Model MAPE: 0.041069668197094095
Baseline MAPE: 0.0475354087870315
 ============
 Round: 1927
Total Model RMSE: 1.368167632691604
Total Baseline RMSE: 1.55396932750101
Total Model MAE: 1.0914292005080846
Total Baseline MAE: 1.2628979340500692
Model MAPE: 0.04110523632231409
Baseline MAPE: 0.047589807299436966
 ============
 Round: 1928
Total Model RMSE: 1.366520367723344
Total Baseline RMSE: 1.5539184248672704
Total Model MAE: 1.0899887892163949
Total Baseline MAE: 1.2637828129596151
Model MAPE: 0.04105032387828966
Baseline MAPE: 0.047628688248942175
 ============
 Round: 1929
Total Model RMSE: 1.3634650806352098
Total Baseline RMSE: 1.552567141874592
Total Model MAE: 1.0872856271756406
Total Baseline MAE: 1.2633656300159462
Model MAPE: 0.04095210063322952
Baseline MAPE: 0.04762027825773668
 ============
 Round: 1930
Total Model RMSE: 1.3608030927594224
Total Baseline RMSE: 1.5502879011727153
Total Model MAE: 1.0850564436884422
Total Baseline MAE: 1.2619106482253084
Model MAPE: 0.040874969509538034
Baseline MAPE: 0.04757255731053858
 ============
 Round: 1931
Total Model RMSE: 1.359016341278496
Total Baseline RMSE: 1.548335586476729
Total Model MAE: 1.0838752997369718
Total Baseline MAE: 1.2606305194560272
Model MAPE: 0.04083899997530779
Baseline MAPE: 0.04752895536626471
 ============
 Round: 1932
Total Model RMSE: 1.3574990693047573
Total Baseline RMSE: 1.5470803598130054
Total Model MAE: 1.0830184929466653
Total Baseline MAE: 1.2598962647344898
Model MAPE: 0.04081366951449125
Baseline MAPE: 0.047502606408858276
 ============
 Round: 1933
Total Model RMSE: 1.3559077053339283
Total Baseline RMSE: 1.5465106760130969
Total Model MAE: 1.0823989076571159
Total Baseline MAE: 1.2597819136585275
Model MAPE: 0.04079293137516973
Baseline MAPE: 0.04749691678937868
 ============
 Round: 1934
Total Model RMSE: 1.3548869930092557
Total Baseline RMSE: 1.547179376301845
Total Model MAE: 1.0824710059298508
Total Baseline MAE: 1.260915808277538
Model MAPE: 0.04079223764272868
Baseline MAPE: 0.04753453528252736
 ============
 Round: 1935
Total Model RMSE: 1.3549036033571173
Total Baseline RMSE: 1.5483461299840993
Total Model MAE: 1.0832856320177047
Total Baseline MAE: 1.2628004353338764
Model MAPE: 0.040815016915899935
Baseline MAPE: 0.047597546504910715
 ============
 Round: 1936
Total Model RMSE: 1.3564194309548259
Total Baseline RMSE: 1.5493685325919708
Total Model MAE: 1.0851644231093867
Total Baseline MAE: 1.2644747214815941
Model MAPE: 0.040874098872488544
Baseline MAPE: 0.04764839695394828
 ============
 Round: 1937
Total Model RMSE: 1.3596327932772947
Total Baseline RMSE: 1.5505786233487557
Total Model MAE: 1.088752561807328
Total Baseline MAE: 1.2661805297962905
Model MAPE: 0.04099465801304078
Baseline MAPE: 0.047697922367150085
 ============
 Round: 1938
Total Model RMSE: 1.3635351181729967
Total Baseline RMSE: 1.551916840539285
Total Model MAE: 1.093104566433072
Total Baseline MAE: 1.2680069076888194
Model MAPE: 0.04114303293075463
Baseline MAPE: 0.047752852840489635
 ============
 Round: 1939
Total Model RMSE: 1.3657425975165272
Total Baseline RMSE: 1.5538624844099085
Total Model MAE: 1.0957442306218288
Total Baseline MAE: 1.270447673422538
Model MAPE: 0.0412280321601669
Baseline MAPE: 0.04783420216994729
 ============
 Round: 1940
Total Model RMSE: 1.3655933536151006
Total Baseline RMSE: 1.5555987203482264
Total Model MAE: 1.0959825926765197
Total Baseline MAE: 1.2727893678544027
Model MAPE: 0.041226208141548086
Baseline MAPE: 0.0479144103274193
 ============
 Round: 1941
Total Model RMSE: 1.364013447064954
Total Baseline RMSE: 1.5563828978378293
Total Model MAE: 1.0949914767841586
Total Baseline MAE: 1.274106250251905
Model MAPE: 0.041183023011551585
Baseline MAPE: 0.047957895168122516
 ============
 Round: 1942
Total Model RMSE: 1.3618631988464125
Total Baseline RMSE: 1.5561562334762906
Total Model MAE: 1.0933389092751904
Total Baseline MAE: 1.2742245113898112
Model MAPE: 0.04111891877307445
Baseline MAPE: 0.047957962491396
 ============
 Round: 1943
Total Model RMSE: 1.3595885995846562
Total Baseline RMSE: 1.5546876343097011
Total Model MAE: 1.091223651061945
Total Baseline MAE: 1.2729796873061496
Model MAPE: 0.04104058280640421
Baseline MAPE: 0.0479088538329324
 ============
 Round: 1944
Total Model RMSE: 1.3575526175154091
Total Baseline RMSE: 1.5525681636053552
Total Model MAE: 1.089175646188124
Total Baseline MAE: 1.2706888731261798
Model MAPE: 0.040966388017033964
Baseline MAPE: 0.04782153591463899
 ============
 Round: 1945
Total Model RMSE: 1.355859334326536
Total Baseline RMSE: 1.5498123389552863
Total Model MAE: 1.0874988442812703
Total Baseline MAE: 1.2674361988754532
Model MAPE: 0.04090685769246623
Baseline MAPE: 0.04769932717856819
 ============
 Round: 1946
Total Model RMSE: 1.3540465611718115
Total Baseline RMSE: 1.5466437857730861
Total Model MAE: 1.0859170976744374
Total Baseline MAE: 1.2637900893909533
Model MAPE: 0.04085107666730946
Baseline MAPE: 0.04756440316986902
 ============
 Round: 1947
Total Model RMSE: 1.351603836803444
Total Baseline RMSE: 1.5432151138923107
Total Model MAE: 1.083774229769959
Total Baseline MAE: 1.2596914024525996
Model MAPE: 0.040772578793157294
Baseline MAPE: 0.04741200428930742
 ============
 Round: 1948
Total Model RMSE: 1.3485330119168586
Total Baseline RMSE: 1.5391018386042186
Total Model MAE: 1.080947644563814
Total Baseline MAE: 1.2548360671338343
Model MAPE: 0.04066627710368947
Baseline MAPE: 0.04722892174713602
 ============
 Round: 1949
Total Model RMSE: 1.3450902039655093
Total Baseline RMSE: 1.5345580355559716
Total Model MAE: 1.0773752938397747
Total Baseline MAE: 1.249302870515028
Model MAPE: 0.040531581261206935
Baseline MAPE: 0.04701988312576309
 ============
 Round: 1950
Total Model RMSE: 1.3415014498055013
Total Baseline RMSE: 1.53044223407072
Total Model MAE: 1.0732842164132308
Total Baseline MAE: 1.244342686804309
Model MAPE: 0.040377365833226604
Baseline MAPE: 0.04683439909030118
 ============
 Round: 1951
Total Model RMSE: 1.3377409962342108
Total Baseline RMSE: 1.527168725609874
Total Model MAE: 1.0691098984881355
Total Baseline MAE: 1.2404478330212154
Model MAPE: 0.040220904272760497
Baseline MAPE: 0.04669135981682315
 ============
 Round: 1952
Total Model RMSE: 1.3342214688192606
Total Baseline RMSE: 1.5243469379824062
Total Model MAE: 1.0654086642108789
Total Baseline MAE: 1.237258559165639
Model MAPE: 0.04008480345145366
Baseline MAPE: 0.04657597724290535
 ============
 Round: 1953
Total Model RMSE: 1.3314896828608174
Total Baseline RMSE: 1.5216516703454148
Total Model MAE: 1.062697328511762
Total Baseline MAE: 1.2343638393787137
Model MAPE: 0.0399883374128886
Baseline MAPE: 0.04647157018026051
 ============
 Round: 1954
Total Model RMSE: 1.3295200479017666
Total Baseline RMSE: 1.5196430029714287
Total Model MAE: 1.0610696556083214
Total Baseline MAE: 1.2323490279474265
Model MAPE: 0.039931775240200196
Baseline MAPE: 0.046398423087617074
 ============
 Round: 1955
Total Model RMSE: 1.3279065514564947
Total Baseline RMSE: 1.5185067717654848
Total Model MAE: 1.0600729266649969
Total Baseline MAE: 1.2311463345298597
Model MAPE: 0.039896395360552735
Baseline MAPE: 0.046352660909855854
 ============
 Round: 1956
Total Model RMSE: 1.3263331083920917
Total Baseline RMSE: 1.5178717974697942
Total Model MAE: 1.0591898443518395
Total Baseline MAE: 1.2307485132489073
Model MAPE: 0.039863137053552454
Baseline MAPE: 0.046335706867473535
 ============
 Round: 1957
Total Model RMSE: 1.3249257286138594
Total Baseline RMSE: 1.5173505832851093
Total Model MAE: 1.0582916991884261
Total Baseline MAE: 1.230593437067934
Model MAPE: 0.03982733731579186
Baseline MAPE: 0.04632748116496742
 ============
 Round: 1958
Total Model RMSE: 1.3237325716768964
Total Baseline RMSE: 1.5169029645535073
Total Model MAE: 1.0573577768120275
Total Baseline MAE: 1.230593775404485
Model MAPE: 0.03978852619389658
Baseline MAPE: 0.046324520271024835
 ============
 Round: 1959
Total Model RMSE: 1.3226494713324783
Total Baseline RMSE: 1.5164494694150372
Total Model MAE: 1.0563566302787877
Total Baseline MAE: 1.2305533827455746
Model MAPE: 0.03974500339970166
Baseline MAPE: 0.04631734506746506
 ============
 Round: 1960
Total Model RMSE: 1.3218771360158026
Total Baseline RMSE: 1.5156337525830355
Total Model MAE: 1.0556886912292183
Total Baseline MAE: 1.2302031839079284
Model MAPE: 0.039712161397842505
Baseline MAPE: 0.04629574181600825
 ============
 Round: 1961
Total Model RMSE: 1.3221316411044022
Total Baseline RMSE: 1.5148175084546975
Total Model MAE: 1.056449350725546
Total Baseline MAE: 1.2298305403351983
Model MAPE: 0.03973052350273374
Baseline MAPE: 0.04627133559113908
 ============
 Round: 1962
Total Model RMSE: 1.3230867798657875
Total Baseline RMSE: 1.514009313516774
Total Model MAE: 1.0581922939889863
Total Baseline MAE: 1.2294588334092666
Model MAPE: 0.03978413324600255
Baseline MAPE: 0.04624667466275771
 ============
 Round: 1963
Total Model RMSE: 1.3231756528966094
Total Baseline RMSE: 1.5129564656690304
Total Model MAE: 1.059282959210669
Total Baseline MAE: 1.228895319168304
Model MAPE: 0.03981491731925282
Baseline MAPE: 0.04621687501857152
 ============
 Round: 1964
Total Model RMSE: 1.3215882913247885
Total Baseline RMSE: 1.5112650206747167
Total Model MAE: 1.0585134553361608
Total Baseline MAE: 1.2277996987107593
Model MAPE: 0.039778578892560375
Baseline MAPE: 0.04616947990704911
 ============
 Round: 1965
Total Model RMSE: 1.3188736927746056
Total Baseline RMSE: 1.5091228447001959
Total Model MAE: 1.055891433074322
Total Baseline MAE: 1.22592952284122
Model MAPE: 0.03967490610399708
Baseline MAPE: 0.04609410330867456
 ============
 Round: 1966
Total Model RMSE: 1.3161947476902491
Total Baseline RMSE: 1.5072849590632411
Total Model MAE: 1.0532820766483104
Total Baseline MAE: 1.224404766728754
Model MAPE: 0.039572639141500915
Baseline MAPE: 0.04602999717133413
 ============
 Round: 1967
Total Model RMSE: 1.3136794981222468
Total Baseline RMSE: 1.5063869741465934
Total Model MAE: 1.0508966198104404
Total Baseline MAE: 1.2238443283619063
Model MAPE: 0.03947766443985939
Baseline MAPE: 0.045998857600163874
 ============
Total Model RMSE: 1.3136794981222468
Total Baseline RMSE: 1.5063869741465934
Total Model MAE: 1.0508966198104404
Total Baseline MAE: 1.2238443283619063
Model MAPE: 0.03947766443985939
Baseline MAPE: 0.045998857600163874